<?xml version="1.0" encoding="UTF-8"?>
<robot generator="Robot 5.0.1 (Python 3.11.2 on win32)" generated="20230319 18:06:37.911" rpa="false" schemaversion="3">
<suite id="s1" name="Movie" source="c:\Users\swarn\DEV\Gayaan.Ai_BMSScraper\actual\movie.robot">
<kw name="Run Keywords" library="BuiltIn" type="SETUP">
<arg>Configure Selenium</arg>
<arg>Configure Variables</arg>
<doc>Executes all the given keywords in a sequence.</doc>
<kw name="Configure Selenium" library="system">
<kw name="Set Selenium Speed" library="SeleniumLibrary">
<arg>.5 Seconds</arg>
<doc>Sets the delay that is waited after each Selenium command.</doc>
<status status="PASS" starttime="20230319 18:06:38.751" endtime="20230319 18:06:38.752"/>
</kw>
<status status="PASS" starttime="20230319 18:06:38.750" endtime="20230319 18:06:38.753"/>
</kw>
<kw name="Configure Variables" library="system">
<kw name="Create Dictionary" library="BuiltIn">
<var>${InCinema_dict}</var>
<doc>Creates and returns a dictionary based on the given ``items``.</doc>
<msg timestamp="20230319 18:06:38.755" level="INFO">${InCinema_dict} = {}</msg>
<status status="PASS" starttime="20230319 18:06:38.754" endtime="20230319 18:06:38.757"/>
</kw>
<kw name="Create Dictionary" library="BuiltIn">
<var>${ComingSoon_dict}</var>
<doc>Creates and returns a dictionary based on the given ``items``.</doc>
<msg timestamp="20230319 18:06:38.759" level="INFO">${ComingSoon_dict} = {}</msg>
<status status="PASS" starttime="20230319 18:06:38.758" endtime="20230319 18:06:38.759"/>
</kw>
<kw name="Set Suite Variable" library="BuiltIn">
<arg>${InCinema_dict}</arg>
<doc>Makes a variable available everywhere within the scope of the current suite.</doc>
<msg timestamp="20230319 18:06:38.760" level="INFO">${InCinema_dict} = {}</msg>
<status status="PASS" starttime="20230319 18:06:38.759" endtime="20230319 18:06:38.761"/>
</kw>
<kw name="Set Suite Variable" library="BuiltIn">
<arg>${ComingSoon_dict}</arg>
<doc>Makes a variable available everywhere within the scope of the current suite.</doc>
<msg timestamp="20230319 18:06:38.762" level="INFO">${ComingSoon_dict} = {}</msg>
<status status="PASS" starttime="20230319 18:06:38.761" endtime="20230319 18:06:38.762"/>
</kw>
<status status="PASS" starttime="20230319 18:06:38.753" endtime="20230319 18:06:38.763"/>
</kw>
<status status="PASS" starttime="20230319 18:06:38.748" endtime="20230319 18:06:38.763"/>
</kw>
<test id="s1-t1" name="Get Movie Names" line="15">
<kw name="Fetch Script Tab Text" library="system">
<arg>${SiteUrl}</arg>
<arg>${BROWSER}</arg>
<kw name="Navigate To Page" library="system">
<arg>${SiteUrl}</arg>
<arg>${BROWSER}</arg>
<kw name="Open Browser" library="SeleniumLibrary">
<arg>${arg1}</arg>
<arg>${arg2}</arg>
<doc>Opens a new browser instance to the optional ``url``.</doc>
<msg timestamp="20230319 18:06:38.770" level="INFO">Opening browser 'chrome' to base url 'https://in.bookmyshow.com/explore/movies-pune'.</msg>
<status status="PASS" starttime="20230319 18:06:38.769" endtime="20230319 18:06:42.065"/>
</kw>
<kw name="Maximize Browser Window" library="SeleniumLibrary">
<doc>Maximizes current browser window.</doc>
<status status="PASS" starttime="20230319 18:06:42.066" endtime="20230319 18:06:42.695"/>
</kw>
<status status="PASS" starttime="20230319 18:06:38.768" endtime="20230319 18:06:42.696"/>
</kw>
<kw name="Execute Javascript" library="SeleniumLibrary">
<var>${scriptText}</var>
<arg>${ScriptTag}</arg>
<doc>Executes the given JavaScript code with possible arguments.</doc>
<msg timestamp="20230319 18:06:42.699" level="INFO">Executing JavaScript:
return document.evaluate('//body/script[2]', document, null, XPathResult.FIRST_ORDERED_NODE_TYPE, null).singleNodeValue.innerHTML
Without any arguments.</msg>
<msg timestamp="20230319 18:06:43.211" level="INFO">${scriptText} = window.__INITIAL_STATE__ = {"aboutRewards":{"isFetching":false,"isSuccess":false,"isError":false,"data":[],"backgroundColors":[]},"ads":{"errorMsg":"","adDetails":[],"isError":false,"isLoading":false}...</msg>
<status status="PASS" starttime="20230319 18:06:42.697" endtime="20230319 18:06:43.212"/>
</kw>
<kw name="Replace String" library="String">
<var>${substring}</var>
<arg>${scriptText}</arg>
<arg>${search_for}</arg>
<arg>${EMPTY}</arg>
<arg>count=1</arg>
<doc>Replaces ``search_for`` in the given ``string`` with ``replace_with``.</doc>
<msg timestamp="20230319 18:06:43.216" level="INFO">${substring} =  = {"aboutRewards":{"isFetching":false,"isSuccess":false,"isError":false,"data":[],"backgroundColors":[]},"ads":{"errorMsg":"","adDetails":[],"isError":false,"isLoading":false},"appConfig":{"globalBla...</msg>
<status status="PASS" starttime="20230319 18:06:43.213" endtime="20230319 18:06:43.216"/>
</kw>
<kw name="Replace String" library="String">
<var>${substring}</var>
<arg>${substring}</arg>
<arg>=</arg>
<arg>${EMPTY}</arg>
<arg>count=1</arg>
<doc>Replaces ``search_for`` in the given ``string`` with ``replace_with``.</doc>
<msg timestamp="20230319 18:06:43.219" level="INFO">${substring} =   {"aboutRewards":{"isFetching":false,"isSuccess":false,"isError":false,"data":[],"backgroundColors":[]},"ads":{"errorMsg":"","adDetails":[],"isError":false,"isLoading":false},"appConfig":{"globalBlac...</msg>
<status status="PASS" starttime="20230319 18:06:43.217" endtime="20230319 18:06:43.219"/>
</kw>
<kw name="Convert String To Json" library="JSONLibrary">
<var>${json_data}</var>
<arg>${substring}</arg>
<doc>Convert String to JSON object</doc>
<msg timestamp="20230319 18:06:43.224" level="INFO">${json_data} = {'aboutRewards': {'isFetching': False, 'isSuccess': False, 'isError': False, 'data': [], 'backgroundColors': []}, 'ads': {'errorMsg': '', 'adDetails': [], 'isError': False, 'isLoading': False}, 'appCo...</msg>
<status status="PASS" starttime="20230319 18:06:43.220" endtime="20230319 18:06:43.224"/>
</kw>
<kw name="Split String From Right" library="String">
<var>@{json_fileName_List}</var>
<arg>string=${SiteUrl}</arg>
<arg>separator=/</arg>
<arg>max_split=1</arg>
<doc>Splits the ``string`` using ``separator`` starting from right.</doc>
<msg timestamp="20230319 18:06:43.245" level="INFO">@{json_fileName_List} = [ https://in.bookmyshow.com/explore | movies-pune ]</msg>
<status status="PASS" starttime="20230319 18:06:43.224" endtime="20230319 18:06:43.245"/>
</kw>
<kw name="Catenate" library="BuiltIn">
<var>${json_fileName}</var>
<arg>${json_fileName_List}[1].json</arg>
<doc>Catenates the given items together and returns the resulted string.</doc>
<msg timestamp="20230319 18:06:43.248" level="INFO">${json_fileName} = movies-pune.json</msg>
<status status="PASS" starttime="20230319 18:06:43.246" endtime="20230319 18:06:43.248"/>
</kw>
<kw name="Set Environment Variable" library="OperatingSystem">
<arg>JSON_FILENAME</arg>
<arg>${json_fileName}</arg>
<doc>Sets an environment variable to a specified value.</doc>
<msg timestamp="20230319 18:06:43.249" level="INFO">Environment variable 'JSON_FILENAME' set to value 'movies-pune.json'.</msg>
<status status="PASS" starttime="20230319 18:06:43.248" endtime="20230319 18:06:43.249"/>
</kw>
<kw name="Dump Json To File" library="JSONLibrary">
<arg>${json_fileName}</arg>
<arg>${json_data}</arg>
<doc>Dump JSON to file</doc>
<status status="PASS" starttime="20230319 18:06:43.250" endtime="20230319 18:06:43.253"/>
</kw>
<status status="PASS" starttime="20230319 18:06:38.767" endtime="20230319 18:06:43.254"/>
</kw>
<kw name="Close Browser" library="SeleniumLibrary">
<doc>Closes the current browser.</doc>
<status status="PASS" starttime="20230319 18:06:43.256" endtime="20230319 18:06:45.819"/>
</kw>
<status status="PASS" starttime="20230319 18:06:38.765" endtime="20230319 18:06:45.821"/>
</test>
<test id="s1-t2" name="Extract Movie Names and Link" line="19">
<kw name="Load JSON from file" library="RPA.JSON">
<var>&amp;{json_data}</var>
<arg>%{JSON_FILENAME}</arg>
<doc>Load JSON data from a file, and return it as JSON serializable object.
Depending on the input file the object can be either a dictionary,
a list, or a scalar value.</doc>
<msg timestamp="20230319 18:06:45.826" level="INFO">Loading JSON from file: movies-pune.json</msg>
<msg timestamp="20230319 18:06:45.873" level="INFO">&amp;{json_data} = { aboutRewards={'isFetching': False, 'isSuccess': False, 'isError': False, 'data': [], 'backgroundColors': []} | ads={'errorMsg': '', 'adDetails': [], 'isError': False, 'isLoading': False} | appConfig...</msg>
<status status="PASS" starttime="20230319 18:06:45.825" endtime="20230319 18:06:45.873"/>
</kw>
<kw name="Set Variable" library="BuiltIn">
<var>${JSONPathEpression}</var>
<arg>$..ctaUrl</arg>
<doc>Returns the given values which can then be assigned to a variables.</doc>
<msg timestamp="20230319 18:06:45.875" level="INFO">${JSONPathEpression} = $..ctaUrl</msg>
<status status="PASS" starttime="20230319 18:06:45.874" endtime="20230319 18:06:45.876"/>
</kw>
<kw name="Get values from JSON" library="RPA.JSON">
<var>@{URLS}</var>
<arg>${json_data}</arg>
<arg>${JSONPathEpression}</arg>
<doc>Get all values from a JSON serializable object that match the given expression.</doc>
<msg timestamp="20230319 18:06:45.878" level="INFO">Get values from JSON with expression: '$..ctaUrl'</msg>
<msg timestamp="20230319 18:06:45.967" level="INFO">@{URLS} = [ https://in.bookmyshow.com/search?cat=MT | https://in.bookmyshow.com/pune/cinemas | https://in.bookmyshow.com/search?cat=MT | https://in.bookmyshow.com/explore/upcoming-movies-pune?referrerBase=movie...</msg>
<status status="PASS" starttime="20230319 18:06:45.877" endtime="20230319 18:06:45.968"/>
</kw>
<kw name="Set Variable" library="BuiltIn">
<var>${counter}</var>
<arg>1</arg>
<doc>Returns the given values which can then be assigned to a variables.</doc>
<msg timestamp="20230319 18:06:45.970" level="INFO">${counter} = 1</msg>
<status status="PASS" starttime="20230319 18:06:45.970" endtime="20230319 18:06:45.971"/>
</kw>
<for flavor="IN">
<var>${url}</var>
<value>@{URLS}</value>
<iter>
<var name="${url}">https://in.bookmyshow.com/search?cat=MT</var>
<kw name="Evaluate" library="BuiltIn">
<var>${contains}</var>
<arg>"/movies/" in """${url}"""</arg>
<doc>Evaluates the given expression in Python and returns the result.</doc>
<msg timestamp="20230319 18:06:45.975" level="INFO">${contains} = False</msg>
<status status="PASS" starttime="20230319 18:06:45.974" endtime="20230319 18:06:45.976"/>
</kw>
<if>
<branch type="IF" condition="${contains} == True">
<kw name="Navigate To Page" library="system">
<arg>${url}</arg>
<status status="NOT RUN" starttime="20230319 18:06:45.978" endtime="20230319 18:06:45.979"/>
</kw>
<kw name="Fetch Movie Details" library="MovieDetail">
<status status="NOT RUN" starttime="20230319 18:06:45.980" endtime="20230319 18:06:45.980"/>
</kw>
<kw name="Close Browser" library="SeleniumLibrary">
<doc>Closes the current browser.</doc>
<status status="NOT RUN" starttime="20230319 18:06:45.981" endtime="20230319 18:06:45.981"/>
</kw>
<kw name="Evaluate" library="BuiltIn">
<var>${counter}</var>
<arg>${counter} + 1</arg>
<doc>Evaluates the given expression in Python and returns the result.</doc>
<status status="NOT RUN" starttime="20230319 18:06:45.982" endtime="20230319 18:06:45.982"/>
</kw>
<if>
<branch type="IF" condition="${counter} &gt; ${MaxMovieRetrive}">
<break>
<status status="NOT RUN" starttime="20230319 18:06:45.983" endtime="20230319 18:06:45.984"/>
</break>
<status status="NOT RUN" starttime="20230319 18:06:45.983" endtime="20230319 18:06:45.984"/>
</branch>
<status status="NOT RUN" starttime="20230319 18:06:45.983" endtime="20230319 18:06:45.985"/>
</if>
<status status="NOT RUN" starttime="20230319 18:06:45.977" endtime="20230319 18:06:45.985"/>
</branch>
<status status="PASS" starttime="20230319 18:06:45.976" endtime="20230319 18:06:45.985"/>
</if>
<status status="PASS" starttime="20230319 18:06:45.973" endtime="20230319 18:06:45.986"/>
</iter>
<iter>
<var name="${url}">https://in.bookmyshow.com/pune/cinemas</var>
<kw name="Evaluate" library="BuiltIn">
<var>${contains}</var>
<arg>"/movies/" in """${url}"""</arg>
<doc>Evaluates the given expression in Python and returns the result.</doc>
<msg timestamp="20230319 18:06:45.988" level="INFO">${contains} = False</msg>
<status status="PASS" starttime="20230319 18:06:45.987" endtime="20230319 18:06:45.988"/>
</kw>
<if>
<branch type="IF" condition="${contains} == True">
<kw name="Navigate To Page" library="system">
<arg>${url}</arg>
<status status="NOT RUN" starttime="20230319 18:06:45.990" endtime="20230319 18:06:45.990"/>
</kw>
<kw name="Fetch Movie Details" library="MovieDetail">
<status status="NOT RUN" starttime="20230319 18:06:45.991" endtime="20230319 18:06:45.991"/>
</kw>
<kw name="Close Browser" library="SeleniumLibrary">
<doc>Closes the current browser.</doc>
<status status="NOT RUN" starttime="20230319 18:06:45.992" endtime="20230319 18:06:45.993"/>
</kw>
<kw name="Evaluate" library="BuiltIn">
<var>${counter}</var>
<arg>${counter} + 1</arg>
<doc>Evaluates the given expression in Python and returns the result.</doc>
<status status="NOT RUN" starttime="20230319 18:06:45.993" endtime="20230319 18:06:45.994"/>
</kw>
<if>
<branch type="IF" condition="${counter} &gt; ${MaxMovieRetrive}">
<break>
<status status="NOT RUN" starttime="20230319 18:06:45.995" endtime="20230319 18:06:45.995"/>
</break>
<status status="NOT RUN" starttime="20230319 18:06:45.994" endtime="20230319 18:06:45.996"/>
</branch>
<status status="NOT RUN" starttime="20230319 18:06:45.994" endtime="20230319 18:06:45.997"/>
</if>
<status status="NOT RUN" starttime="20230319 18:06:45.989" endtime="20230319 18:06:45.997"/>
</branch>
<status status="PASS" starttime="20230319 18:06:45.989" endtime="20230319 18:06:45.998"/>
</if>
<status status="PASS" starttime="20230319 18:06:45.986" endtime="20230319 18:06:45.999"/>
</iter>
<iter>
<var name="${url}">https://in.bookmyshow.com/search?cat=MT</var>
<kw name="Evaluate" library="BuiltIn">
<var>${contains}</var>
<arg>"/movies/" in """${url}"""</arg>
<doc>Evaluates the given expression in Python and returns the result.</doc>
<msg timestamp="20230319 18:06:46.003" level="INFO">${contains} = False</msg>
<status status="PASS" starttime="20230319 18:06:46.001" endtime="20230319 18:06:46.003"/>
</kw>
<if>
<branch type="IF" condition="${contains} == True">
<kw name="Navigate To Page" library="system">
<arg>${url}</arg>
<status status="NOT RUN" starttime="20230319 18:06:46.004" endtime="20230319 18:06:46.005"/>
</kw>
<kw name="Fetch Movie Details" library="MovieDetail">
<status status="NOT RUN" starttime="20230319 18:06:46.005" endtime="20230319 18:06:46.005"/>
</kw>
<kw name="Close Browser" library="SeleniumLibrary">
<doc>Closes the current browser.</doc>
<status status="NOT RUN" starttime="20230319 18:06:46.006" endtime="20230319 18:06:46.006"/>
</kw>
<kw name="Evaluate" library="BuiltIn">
<var>${counter}</var>
<arg>${counter} + 1</arg>
<doc>Evaluates the given expression in Python and returns the result.</doc>
<status status="NOT RUN" starttime="20230319 18:06:46.007" endtime="20230319 18:06:46.007"/>
</kw>
<if>
<branch type="IF" condition="${counter} &gt; ${MaxMovieRetrive}">
<break>
<status status="NOT RUN" starttime="20230319 18:06:46.009" endtime="20230319 18:06:46.009"/>
</break>
<status status="NOT RUN" starttime="20230319 18:06:46.008" endtime="20230319 18:06:46.009"/>
</branch>
<status status="NOT RUN" starttime="20230319 18:06:46.008" endtime="20230319 18:06:46.010"/>
</if>
<status status="NOT RUN" starttime="20230319 18:06:46.004" endtime="20230319 18:06:46.010"/>
</branch>
<status status="PASS" starttime="20230319 18:06:46.003" endtime="20230319 18:06:46.010"/>
</if>
<status status="PASS" starttime="20230319 18:06:46.000" endtime="20230319 18:06:46.011"/>
</iter>
<iter>
<var name="${url}">https://in.bookmyshow.com/explore/upcoming-movies-pune?referrerBase=movies</var>
<kw name="Evaluate" library="BuiltIn">
<var>${contains}</var>
<arg>"/movies/" in """${url}"""</arg>
<doc>Evaluates the given expression in Python and returns the result.</doc>
<msg timestamp="20230319 18:06:46.013" level="INFO">${contains} = False</msg>
<status status="PASS" starttime="20230319 18:06:46.012" endtime="20230319 18:06:46.014"/>
</kw>
<if>
<branch type="IF" condition="${contains} == True">
<kw name="Navigate To Page" library="system">
<arg>${url}</arg>
<status status="NOT RUN" starttime="20230319 18:06:46.015" endtime="20230319 18:06:46.016"/>
</kw>
<kw name="Fetch Movie Details" library="MovieDetail">
<status status="NOT RUN" starttime="20230319 18:06:46.017" endtime="20230319 18:06:46.017"/>
</kw>
<kw name="Close Browser" library="SeleniumLibrary">
<doc>Closes the current browser.</doc>
<status status="NOT RUN" starttime="20230319 18:06:46.018" endtime="20230319 18:06:46.018"/>
</kw>
<kw name="Evaluate" library="BuiltIn">
<var>${counter}</var>
<arg>${counter} + 1</arg>
<doc>Evaluates the given expression in Python and returns the result.</doc>
<status status="NOT RUN" starttime="20230319 18:06:46.019" endtime="20230319 18:06:46.019"/>
</kw>
<if>
<branch type="IF" condition="${counter} &gt; ${MaxMovieRetrive}">
<break>
<status status="NOT RUN" starttime="20230319 18:06:46.020" endtime="20230319 18:06:46.021"/>
</break>
<status status="NOT RUN" starttime="20230319 18:06:46.020" endtime="20230319 18:06:46.021"/>
</branch>
<status status="NOT RUN" starttime="20230319 18:06:46.019" endtime="20230319 18:06:46.021"/>
</if>
<status status="NOT RUN" starttime="20230319 18:06:46.015" endtime="20230319 18:06:46.022"/>
</branch>
<status status="PASS" starttime="20230319 18:06:46.014" endtime="20230319 18:06:46.022"/>
</if>
<status status="PASS" starttime="20230319 18:06:46.011" endtime="20230319 18:06:46.022"/>
</iter>
<iter>
<var name="${url}">https://in.bookmyshow.com/pune/movies/zwigato/ET00351091</var>
<kw name="Evaluate" library="BuiltIn">
<var>${contains}</var>
<arg>"/movies/" in """${url}"""</arg>
<doc>Evaluates the given expression in Python and returns the result.</doc>
<msg timestamp="20230319 18:06:46.024" level="INFO">${contains} = True</msg>
<status status="PASS" starttime="20230319 18:06:46.023" endtime="20230319 18:06:46.025"/>
</kw>
<if>
<branch type="IF" condition="${contains} == True">
<kw name="Navigate To Page" library="system">
<arg>${url}</arg>
<kw name="Open Browser" library="SeleniumLibrary">
<arg>${arg1}</arg>
<arg>${arg2}</arg>
<doc>Opens a new browser instance to the optional ``url``.</doc>
<msg timestamp="20230319 18:06:46.028" level="INFO">Opening browser 'chrome' to base url 'https://in.bookmyshow.com/pune/movies/zwigato/ET00351091'.</msg>
<status status="PASS" starttime="20230319 18:06:46.027" endtime="20230319 18:07:09.906"/>
</kw>
<kw name="Maximize Browser Window" library="SeleniumLibrary">
<doc>Maximizes current browser window.</doc>
<status status="PASS" starttime="20230319 18:07:09.906" endtime="20230319 18:07:10.532"/>
</kw>
<status status="PASS" starttime="20230319 18:06:46.026" endtime="20230319 18:07:10.533"/>
</kw>
<kw name="Fetch Movie Details" library="MovieDetail">
<kw name="Get Text" library="SeleniumLibrary">
<var>${text}</var>
<arg>xpath=${FilterInCinemas}</arg>
<doc>Returns the text value of the element identified by ``locator``.</doc>
<msg timestamp="20230319 18:07:11.557" level="INFO">${text} = In cinemas</msg>
<status status="PASS" starttime="20230319 18:07:10.534" endtime="20230319 18:07:11.557"/>
</kw>
<kw name="Evaluate" library="BuiltIn">
<var>${return}</var>
<arg>"""${text}""" == "In cinemas"</arg>
<doc>Evaluates the given expression in Python and returns the result.</doc>
<msg timestamp="20230319 18:07:11.559" level="INFO">${return} = True</msg>
<status status="PASS" starttime="20230319 18:07:11.558" endtime="20230319 18:07:11.560"/>
</kw>
<if>
<branch type="IF" condition="${return} == True">
<kw name="Run Keyword And Ignore Error" library="BuiltIn">
<arg>Fetch Movie Details From Cinemas</arg>
<doc>Runs the given keyword with the given arguments and ignores possible error.</doc>
<kw name="Fetch Movie Details From Cinemas" library="MovieDetail">
<kw name="Get Text" library="SeleniumLibrary">
<var>${movieName}</var>
<arg>xpath=${MovieNameFilter}</arg>
<doc>Returns the text value of the element identified by ``locator``.</doc>
<msg timestamp="20230319 18:07:12.584" level="INFO">${movieName} = Zwigato</msg>
<status status="PASS" starttime="20230319 18:07:11.563" endtime="20230319 18:07:12.584"/>
</kw>
<try>
<branch type="TRY">
<kw name="Get Text" library="SeleniumLibrary">
<var>${movieRating}</var>
<arg>xpath=${rating}</arg>
<doc>Returns the text value of the element identified by ``locator``.</doc>
<msg timestamp="20230319 18:07:13.609" level="INFO">${movieRating} = 6/10</msg>
<status status="PASS" starttime="20230319 18:07:12.586" endtime="20230319 18:07:13.609"/>
</kw>
<status status="PASS" starttime="20230319 18:07:12.585" endtime="20230319 18:07:13.610"/>
</branch>
<branch type="EXCEPT">
<pattern>message</pattern>
<kw name="${movieRating}= Set Variable">
<arg>0</arg>
<status status="NOT RUN" starttime="20230319 18:07:13.638" endtime="20230319 18:07:13.638"/>
</kw>
<status status="NOT RUN" starttime="20230319 18:07:13.610" endtime="20230319 18:07:13.639"/>
</branch>
<status status="PASS" starttime="20230319 18:07:12.585" endtime="20230319 18:07:13.640"/>
</try>
<kw name="Get Text" library="SeleniumLibrary">
<var>${temp}</var>
<arg>xpath=${MovieGenreFilter}</arg>
<doc>Returns the text value of the element identified by ``locator``.</doc>
<msg timestamp="20230319 18:07:14.665" level="INFO">${temp} = 1h 45m
•
Drama
•
U
•
17 Mar, 2023</msg>
<status status="PASS" starttime="20230319 18:07:13.640" endtime="20230319 18:07:14.665"/>
</kw>
<kw name="Split String" library="String">
<var>@{temps}</var>
<arg>${temp}</arg>
<arg>\n</arg>
<doc>Splits the ``string`` using ``separator`` as a delimiter string.</doc>
<msg timestamp="20230319 18:07:14.667" level="INFO">@{temps} = [ 1h 45m | • | Drama | • | U | • | 17 Mar, 2023 ]</msg>
<status status="PASS" starttime="20230319 18:07:14.666" endtime="20230319 18:07:14.667"/>
</kw>
<kw name="Get From List" library="Collections">
<var>${movieDuration}</var>
<arg>${temps}</arg>
<arg>0</arg>
<doc>Returns the value specified with an ``index`` from ``list``.</doc>
<msg timestamp="20230319 18:07:14.669" level="INFO">${movieDuration} = 1h 45m</msg>
<status status="PASS" starttime="20230319 18:07:14.668" endtime="20230319 18:07:14.669"/>
</kw>
<kw name="Get From List" library="Collections">
<var>${movieGenre}</var>
<arg>${temps}</arg>
<arg>2</arg>
<doc>Returns the value specified with an ``index`` from ``list``.</doc>
<msg timestamp="20230319 18:07:14.670" level="INFO">${movieGenre} = Drama</msg>
<status status="PASS" starttime="20230319 18:07:14.669" endtime="20230319 18:07:14.670"/>
</kw>
<kw name="Get From List" library="Collections">
<var>${movieRelease}</var>
<arg>${temps}</arg>
<arg>-1</arg>
<doc>Returns the value specified with an ``index`` from ``list``.</doc>
<msg timestamp="20230319 18:07:14.672" level="INFO">${movieRelease} = 17 Mar, 2023</msg>
<status status="PASS" starttime="20230319 18:07:14.671" endtime="20230319 18:07:14.672"/>
</kw>
<kw name="Get Text" library="SeleniumLibrary">
<var>${movieSynopsis}</var>
<arg>xpath=${MovieSynopsisFilter}</arg>
<doc>Returns the text value of the element identified by ``locator``.</doc>
<msg timestamp="20230319 18:07:15.694" level="INFO">${movieSynopsis} = Manas, an ex-factory floor manager loses his job during the pandemic. He is then forced to work as a food delivery rider, grappling with the app and the world of ratings and incentives. Life is relent...</msg>
<status status="PASS" starttime="20230319 18:07:14.672" endtime="20230319 18:07:15.694"/>
</kw>
<kw name="Get Texts" library="MovieDetail">
<var>${movieCast}</var>
<arg>xpath=${MovieCastFilter}</arg>
<kw name="Set Variable" library="BuiltIn">
<var>${text_list}</var>
<arg>${EMPTY}</arg>
<doc>Returns the given values which can then be assigned to a variables.</doc>
<msg timestamp="20230319 18:07:15.698" level="INFO">${text_list} = </msg>
<status status="PASS" starttime="20230319 18:07:15.696" endtime="20230319 18:07:15.698"/>
</kw>
<kw name="Set Variable" library="BuiltIn">
<var>${temp}</var>
<arg>${EMPTY}</arg>
<doc>Returns the given values which can then be assigned to a variables.</doc>
<msg timestamp="20230319 18:07:15.701" level="INFO">${temp} = </msg>
<status status="PASS" starttime="20230319 18:07:15.699" endtime="20230319 18:07:15.701"/>
</kw>
<kw name="Get WebElements" library="SeleniumLibrary">
<var>@{element_list}</var>
<arg>${xpath}</arg>
<doc>Returns a list of WebElement objects matching the ``locator``.</doc>
<msg timestamp="20230319 18:07:16.213" level="INFO">@{element_list} = [ &lt;selenium.webdriver.remote.webelement.WebElement (session="fa2029b1bfa7b08dcae77c07af63f8b3", element="66e61927-d96e-4f5c-aa22-603da3f833f4")&gt; | &lt;selenium.webdriver.remote.webelement.WebElement (ses...</msg>
<status status="PASS" starttime="20230319 18:07:15.701" endtime="20230319 18:07:16.214"/>
</kw>
<for flavor="IN">
<var>${element}</var>
<value>@{element_list}</value>
<iter>
<var name="${element}">&lt;selenium.webdriver.remote.webelement.WebElement (session="fa2029b1bfa7b08dcae77c07af63f8b3", element="66e61927-d96e-4f5c-aa22-603da3f833f4")&gt;</var>
<kw name="Get Text" library="SeleniumLibrary">
<var>${temp}</var>
<arg>locator=${element}</arg>
<doc>Returns the text value of the element identified by ``locator``.</doc>
<msg timestamp="20230319 18:07:16.732" level="INFO">${temp} = Kapil Sharma</msg>
<status status="PASS" starttime="20230319 18:07:16.220" endtime="20230319 18:07:16.733"/>
</kw>
<kw name="Catenate" library="BuiltIn">
<var>${text_list}</var>
<arg>SEPARATOR= ,</arg>
<arg>${text_list} ${temp}</arg>
<doc>Catenates the given items together and returns the resulted string.</doc>
<msg timestamp="20230319 18:07:16.738" level="INFO">${text_list} =  Kapil Sharma</msg>
<status status="PASS" starttime="20230319 18:07:16.735" endtime="20230319 18:07:16.738"/>
</kw>
<status status="PASS" starttime="20230319 18:07:16.219" endtime="20230319 18:07:16.738"/>
</iter>
<iter>
<var name="${element}">&lt;selenium.webdriver.remote.webelement.WebElement (session="fa2029b1bfa7b08dcae77c07af63f8b3", element="6133f600-90a2-40bf-a247-d7be5e9606ef")&gt;</var>
<kw name="Get Text" library="SeleniumLibrary">
<var>${temp}</var>
<arg>locator=${element}</arg>
<doc>Returns the text value of the element identified by ``locator``.</doc>
<msg timestamp="20230319 18:07:17.252" level="INFO">${temp} = Shahana Goswami</msg>
<status status="PASS" starttime="20230319 18:07:16.739" endtime="20230319 18:07:17.252"/>
</kw>
<kw name="Catenate" library="BuiltIn">
<var>${text_list}</var>
<arg>SEPARATOR= ,</arg>
<arg>${text_list} ${temp}</arg>
<doc>Catenates the given items together and returns the resulted string.</doc>
<msg timestamp="20230319 18:07:17.254" level="INFO">${text_list} =  Kapil Sharma Shahana Goswami</msg>
<status status="PASS" starttime="20230319 18:07:17.253" endtime="20230319 18:07:17.254"/>
</kw>
<status status="PASS" starttime="20230319 18:07:16.739" endtime="20230319 18:07:17.255"/>
</iter>
<iter>
<var name="${element}">&lt;selenium.webdriver.remote.webelement.WebElement (session="fa2029b1bfa7b08dcae77c07af63f8b3", element="0b75546f-5b22-4a52-8673-55c45fb4d807")&gt;</var>
<kw name="Get Text" library="SeleniumLibrary">
<var>${temp}</var>
<arg>locator=${element}</arg>
<doc>Returns the text value of the element identified by ``locator``.</doc>
<msg timestamp="20230319 18:07:17.768" level="INFO">${temp} = Sayani Gupta</msg>
<status status="PASS" starttime="20230319 18:07:17.256" endtime="20230319 18:07:17.769"/>
</kw>
<kw name="Catenate" library="BuiltIn">
<var>${text_list}</var>
<arg>SEPARATOR= ,</arg>
<arg>${text_list} ${temp}</arg>
<doc>Catenates the given items together and returns the resulted string.</doc>
<msg timestamp="20230319 18:07:17.773" level="INFO">${text_list} =  Kapil Sharma Shahana Goswami Sayani Gupta</msg>
<status status="PASS" starttime="20230319 18:07:17.771" endtime="20230319 18:07:17.773"/>
</kw>
<status status="PASS" starttime="20230319 18:07:17.255" endtime="20230319 18:07:17.774"/>
</iter>
<iter>
<var name="${element}">&lt;selenium.webdriver.remote.webelement.WebElement (session="fa2029b1bfa7b08dcae77c07af63f8b3", element="d18620c2-9966-47f5-b5f4-1f84396dd817")&gt;</var>
<kw name="Get Text" library="SeleniumLibrary">
<var>${temp}</var>
<arg>locator=${element}</arg>
<doc>Returns the text value of the element identified by ``locator``.</doc>
<msg timestamp="20230319 18:07:18.288" level="INFO">${temp} = Gul Panag</msg>
<status status="PASS" starttime="20230319 18:07:17.775" endtime="20230319 18:07:18.288"/>
</kw>
<kw name="Catenate" library="BuiltIn">
<var>${text_list}</var>
<arg>SEPARATOR= ,</arg>
<arg>${text_list} ${temp}</arg>
<doc>Catenates the given items together and returns the resulted string.</doc>
<msg timestamp="20230319 18:07:18.290" level="INFO">${text_list} =  Kapil Sharma Shahana Goswami Sayani Gupta Gul Panag</msg>
<status status="PASS" starttime="20230319 18:07:18.289" endtime="20230319 18:07:18.290"/>
</kw>
<status status="PASS" starttime="20230319 18:07:17.774" endtime="20230319 18:07:18.290"/>
</iter>
<iter>
<var name="${element}">&lt;selenium.webdriver.remote.webelement.WebElement (session="fa2029b1bfa7b08dcae77c07af63f8b3", element="4df59130-8985-412d-8246-2591826436a5")&gt;</var>
<kw name="Get Text" library="SeleniumLibrary">
<var>${temp}</var>
<arg>locator=${element}</arg>
<doc>Returns the text value of the element identified by ``locator``.</doc>
<msg timestamp="20230319 18:07:18.804" level="INFO">${temp} = Swanand Kirkire</msg>
<status status="PASS" starttime="20230319 18:07:18.292" endtime="20230319 18:07:18.804"/>
</kw>
<kw name="Catenate" library="BuiltIn">
<var>${text_list}</var>
<arg>SEPARATOR= ,</arg>
<arg>${text_list} ${temp}</arg>
<doc>Catenates the given items together and returns the resulted string.</doc>
<msg timestamp="20230319 18:07:18.806" level="INFO">${text_list} =  Kapil Sharma Shahana Goswami Sayani Gupta Gul Panag Swanand Kirkire</msg>
<status status="PASS" starttime="20230319 18:07:18.805" endtime="20230319 18:07:18.806"/>
</kw>
<status status="PASS" starttime="20230319 18:07:18.291" endtime="20230319 18:07:18.806"/>
</iter>
<status status="PASS" starttime="20230319 18:07:16.216" endtime="20230319 18:07:18.807"/>
</for>
<return>
<value>${text_list}</value>
<status status="PASS" starttime="20230319 18:07:18.807" endtime="20230319 18:07:18.808"/>
</return>
<msg timestamp="20230319 18:07:18.808" level="INFO">${movieCast} =  Kapil Sharma Shahana Goswami Sayani Gupta Gul Panag Swanand Kirkire</msg>
<status status="PASS" starttime="20230319 18:07:15.694" endtime="20230319 18:07:18.808"/>
</kw>
<kw name="Create Dictionary" library="BuiltIn">
<var>${movie_dict}</var>
<arg>Name=${movieName}</arg>
<arg>Rating=${movieRating}</arg>
<arg>Duration=${movieDuration}</arg>
<arg>Genre=${movieGenre}</arg>
<arg>Release=${movieRelease}</arg>
<arg>Synopsis=${movieSynopsis}</arg>
<arg>Cast=${movieCast}</arg>
<doc>Creates and returns a dictionary based on the given ``items``.</doc>
<msg timestamp="20230319 18:07:18.812" level="INFO">${movie_dict} = {'Name': 'Zwigato', 'Rating': '6/10', 'Duration': '1h 45m', 'Genre': 'Drama', 'Release': '17 Mar, 2023', 'Synopsis': 'Manas, an ex-factory floor manager loses his job during the pandemic. He is then f...</msg>
<status status="PASS" starttime="20230319 18:07:18.810" endtime="20230319 18:07:18.812"/>
</kw>
<kw name="Set To Dictionary" library="Collections">
<arg>${InCinema_dict}</arg>
<arg>${movieName}</arg>
<arg>${movie_dict}</arg>
<doc>Adds the given ``key_value_pairs`` and ``items`` to the ``dictionary``.</doc>
<status status="PASS" starttime="20230319 18:07:18.813" endtime="20230319 18:07:18.814"/>
</kw>
<status status="PASS" starttime="20230319 18:07:11.562" endtime="20230319 18:07:18.815"/>
</kw>
<status status="PASS" starttime="20230319 18:07:11.561" endtime="20230319 18:07:18.815"/>
</kw>
<status status="PASS" starttime="20230319 18:07:11.560" endtime="20230319 18:07:18.815"/>
</branch>
<branch type="ELSE">
<kw name="Run Keyword And Ignore Error" library="BuiltIn">
<arg>Fetch Movie Details From Coming Soon</arg>
<doc>Runs the given keyword with the given arguments and ignores possible error.</doc>
<status status="NOT RUN" starttime="20230319 18:07:18.817" endtime="20230319 18:07:18.817"/>
</kw>
<status status="NOT RUN" starttime="20230319 18:07:18.816" endtime="20230319 18:07:18.817"/>
</branch>
<status status="PASS" starttime="20230319 18:07:11.560" endtime="20230319 18:07:18.818"/>
</if>
<kw name="Dump Json To File" library="JSONLibrary">
<arg>${InCinemasJSONFilePath}</arg>
<arg>${InCinema_dict}</arg>
<doc>Dump JSON to file</doc>
<status status="PASS" starttime="20230319 18:07:18.818" endtime="20230319 18:07:18.820"/>
</kw>
<kw name="Dump Json To File" library="JSONLibrary">
<arg>${ComingSoonJSONFilePath}</arg>
<arg>${ComingSoon_dict}</arg>
<doc>Dump JSON to file</doc>
<status status="PASS" starttime="20230319 18:07:18.821" endtime="20230319 18:07:18.822"/>
</kw>
<status status="PASS" starttime="20230319 18:07:10.533" endtime="20230319 18:07:18.823"/>
</kw>
<kw name="Close Browser" library="SeleniumLibrary">
<doc>Closes the current browser.</doc>
<status status="PASS" starttime="20230319 18:07:18.824" endtime="20230319 18:07:21.407"/>
</kw>
<kw name="Evaluate" library="BuiltIn">
<var>${counter}</var>
<arg>${counter} + 1</arg>
<doc>Evaluates the given expression in Python and returns the result.</doc>
<msg timestamp="20230319 18:07:21.409" level="INFO">${counter} = 2</msg>
<status status="PASS" starttime="20230319 18:07:21.408" endtime="20230319 18:07:21.409"/>
</kw>
<if>
<branch type="IF" condition="${counter} &gt; ${MaxMovieRetrive}">
<break>
<status status="NOT RUN" starttime="20230319 18:07:21.411" endtime="20230319 18:07:21.411"/>
</break>
<status status="NOT RUN" starttime="20230319 18:07:21.410" endtime="20230319 18:07:21.412"/>
</branch>
<status status="PASS" starttime="20230319 18:07:21.410" endtime="20230319 18:07:21.412"/>
</if>
<status status="PASS" starttime="20230319 18:06:46.025" endtime="20230319 18:07:21.413"/>
</branch>
<status status="PASS" starttime="20230319 18:06:46.025" endtime="20230319 18:07:21.413"/>
</if>
<status status="PASS" starttime="20230319 18:06:46.023" endtime="20230319 18:07:21.413"/>
</iter>
<iter>
<var name="${url}">https://in.bookmyshow.com/pune/movies/tu-jhoothi-main-makkaar/ET00347237</var>
<kw name="Evaluate" library="BuiltIn">
<var>${contains}</var>
<arg>"/movies/" in """${url}"""</arg>
<doc>Evaluates the given expression in Python and returns the result.</doc>
<msg timestamp="20230319 18:07:21.415" level="INFO">${contains} = True</msg>
<status status="PASS" starttime="20230319 18:07:21.415" endtime="20230319 18:07:21.416"/>
</kw>
<if>
<branch type="IF" condition="${contains} == True">
<kw name="Navigate To Page" library="system">
<arg>${url}</arg>
<kw name="Open Browser" library="SeleniumLibrary">
<arg>${arg1}</arg>
<arg>${arg2}</arg>
<doc>Opens a new browser instance to the optional ``url``.</doc>
<msg timestamp="20230319 18:07:21.419" level="INFO">Opening browser 'chrome' to base url 'https://in.bookmyshow.com/pune/movies/tu-jhoothi-main-makkaar/ET00347237'.</msg>
<status status="PASS" starttime="20230319 18:07:21.418" endtime="20230319 18:07:45.044"/>
</kw>
<kw name="Maximize Browser Window" library="SeleniumLibrary">
<doc>Maximizes current browser window.</doc>
<status status="PASS" starttime="20230319 18:07:45.045" endtime="20230319 18:07:45.665"/>
</kw>
<status status="PASS" starttime="20230319 18:07:21.417" endtime="20230319 18:07:45.666"/>
</kw>
<kw name="Fetch Movie Details" library="MovieDetail">
<kw name="Get Text" library="SeleniumLibrary">
<var>${text}</var>
<arg>xpath=${FilterInCinemas}</arg>
<doc>Returns the text value of the element identified by ``locator``.</doc>
<msg timestamp="20230319 18:07:46.689" level="INFO">${text} = In cinemas</msg>
<status status="PASS" starttime="20230319 18:07:45.667" endtime="20230319 18:07:46.689"/>
</kw>
<kw name="Evaluate" library="BuiltIn">
<var>${return}</var>
<arg>"""${text}""" == "In cinemas"</arg>
<doc>Evaluates the given expression in Python and returns the result.</doc>
<msg timestamp="20230319 18:07:46.691" level="INFO">${return} = True</msg>
<status status="PASS" starttime="20230319 18:07:46.690" endtime="20230319 18:07:46.692"/>
</kw>
<if>
<branch type="IF" condition="${return} == True">
<kw name="Run Keyword And Ignore Error" library="BuiltIn">
<arg>Fetch Movie Details From Cinemas</arg>
<doc>Runs the given keyword with the given arguments and ignores possible error.</doc>
<kw name="Fetch Movie Details From Cinemas" library="MovieDetail">
<kw name="Get Text" library="SeleniumLibrary">
<var>${movieName}</var>
<arg>xpath=${MovieNameFilter}</arg>
<doc>Returns the text value of the element identified by ``locator``.</doc>
<msg timestamp="20230319 18:07:47.719" level="INFO">${movieName} = Tu Jhoothi Main Makkaar</msg>
<status status="PASS" starttime="20230319 18:07:46.695" endtime="20230319 18:07:47.719"/>
</kw>
<try>
<branch type="TRY">
<kw name="Get Text" library="SeleniumLibrary">
<var>${movieRating}</var>
<arg>xpath=${rating}</arg>
<doc>Returns the text value of the element identified by ``locator``.</doc>
<msg timestamp="20230319 18:07:48.740" level="INFO">${movieRating} = 7.8/10</msg>
<status status="PASS" starttime="20230319 18:07:47.721" endtime="20230319 18:07:48.740"/>
</kw>
<status status="PASS" starttime="20230319 18:07:47.720" endtime="20230319 18:07:48.741"/>
</branch>
<branch type="EXCEPT">
<pattern>message</pattern>
<kw name="${movieRating}= Set Variable">
<arg>0</arg>
<status status="NOT RUN" starttime="20230319 18:07:48.759" endtime="20230319 18:07:48.759"/>
</kw>
<status status="NOT RUN" starttime="20230319 18:07:48.741" endtime="20230319 18:07:48.760"/>
</branch>
<status status="PASS" starttime="20230319 18:07:47.720" endtime="20230319 18:07:48.760"/>
</try>
<kw name="Get Text" library="SeleniumLibrary">
<var>${temp}</var>
<arg>xpath=${MovieGenreFilter}</arg>
<doc>Returns the text value of the element identified by ``locator``.</doc>
<msg timestamp="20230319 18:07:49.789" level="INFO">${temp} = 2h 39m
•
Comedy
,
Romantic
•
UA
•
8 Mar, 2023</msg>
<status status="PASS" starttime="20230319 18:07:48.761" endtime="20230319 18:07:49.789"/>
</kw>
<kw name="Split String" library="String">
<var>@{temps}</var>
<arg>${temp}</arg>
<arg>\n</arg>
<doc>Splits the ``string`` using ``separator`` as a delimiter string.</doc>
<msg timestamp="20230319 18:07:49.790" level="INFO">@{temps} = [ 2h 39m | • | Comedy | , | Romantic | • | UA | • | 8 Mar, 2023 ]</msg>
<status status="PASS" starttime="20230319 18:07:49.789" endtime="20230319 18:07:49.791"/>
</kw>
<kw name="Get From List" library="Collections">
<var>${movieDuration}</var>
<arg>${temps}</arg>
<arg>0</arg>
<doc>Returns the value specified with an ``index`` from ``list``.</doc>
<msg timestamp="20230319 18:07:49.792" level="INFO">${movieDuration} = 2h 39m</msg>
<status status="PASS" starttime="20230319 18:07:49.791" endtime="20230319 18:07:49.793"/>
</kw>
<kw name="Get From List" library="Collections">
<var>${movieGenre}</var>
<arg>${temps}</arg>
<arg>2</arg>
<doc>Returns the value specified with an ``index`` from ``list``.</doc>
<msg timestamp="20230319 18:07:49.794" level="INFO">${movieGenre} = Comedy</msg>
<status status="PASS" starttime="20230319 18:07:49.793" endtime="20230319 18:07:49.794"/>
</kw>
<kw name="Get From List" library="Collections">
<var>${movieRelease}</var>
<arg>${temps}</arg>
<arg>-1</arg>
<doc>Returns the value specified with an ``index`` from ``list``.</doc>
<msg timestamp="20230319 18:07:49.795" level="INFO">${movieRelease} = 8 Mar, 2023</msg>
<status status="PASS" starttime="20230319 18:07:49.795" endtime="20230319 18:07:49.796"/>
</kw>
<kw name="Get Text" library="SeleniumLibrary">
<var>${movieSynopsis}</var>
<arg>xpath=${MovieSynopsisFilter}</arg>
<doc>Returns the text value of the element identified by ``locator``.</doc>
<msg timestamp="20230319 18:07:50.822" level="INFO">${movieSynopsis} = Madness ensues when a `player` in the world of romantic relationships finds a girl who`s a worthy opponent. Tu Jhoothi Main Makkaar is a film that believes love is a battle of wits.</msg>
<status status="PASS" starttime="20230319 18:07:49.796" endtime="20230319 18:07:50.823"/>
</kw>
<kw name="Get Texts" library="MovieDetail">
<var>${movieCast}</var>
<arg>xpath=${MovieCastFilter}</arg>
<kw name="Set Variable" library="BuiltIn">
<var>${text_list}</var>
<arg>${EMPTY}</arg>
<doc>Returns the given values which can then be assigned to a variables.</doc>
<msg timestamp="20230319 18:07:50.826" level="INFO">${text_list} = </msg>
<status status="PASS" starttime="20230319 18:07:50.825" endtime="20230319 18:07:50.827"/>
</kw>
<kw name="Set Variable" library="BuiltIn">
<var>${temp}</var>
<arg>${EMPTY}</arg>
<doc>Returns the given values which can then be assigned to a variables.</doc>
<msg timestamp="20230319 18:07:50.829" level="INFO">${temp} = </msg>
<status status="PASS" starttime="20230319 18:07:50.827" endtime="20230319 18:07:50.829"/>
</kw>
<kw name="Get WebElements" library="SeleniumLibrary">
<var>@{element_list}</var>
<arg>${xpath}</arg>
<doc>Returns a list of WebElement objects matching the ``locator``.</doc>
<msg timestamp="20230319 18:07:51.341" level="INFO">@{element_list} = [ &lt;selenium.webdriver.remote.webelement.WebElement (session="ad415af2149605a26e037788a9894d11", element="d647f730-9c71-4bdc-b109-356445ed8798")&gt; | &lt;selenium.webdriver.remote.webelement.WebElement (ses...</msg>
<status status="PASS" starttime="20230319 18:07:50.829" endtime="20230319 18:07:51.341"/>
</kw>
<for flavor="IN">
<var>${element}</var>
<value>@{element_list}</value>
<iter>
<var name="${element}">&lt;selenium.webdriver.remote.webelement.WebElement (session="ad415af2149605a26e037788a9894d11", element="d647f730-9c71-4bdc-b109-356445ed8798")&gt;</var>
<kw name="Get Text" library="SeleniumLibrary">
<var>${temp}</var>
<arg>locator=${element}</arg>
<doc>Returns the text value of the element identified by ``locator``.</doc>
<msg timestamp="20230319 18:07:51.854" level="INFO">${temp} = Ranbir Kapoor</msg>
<status status="PASS" starttime="20230319 18:07:51.343" endtime="20230319 18:07:51.854"/>
</kw>
<kw name="Catenate" library="BuiltIn">
<var>${text_list}</var>
<arg>SEPARATOR= ,</arg>
<arg>${text_list} ${temp}</arg>
<doc>Catenates the given items together and returns the resulted string.</doc>
<msg timestamp="20230319 18:07:51.856" level="INFO">${text_list} =  Ranbir Kapoor</msg>
<status status="PASS" starttime="20230319 18:07:51.855" endtime="20230319 18:07:51.856"/>
</kw>
<status status="PASS" starttime="20230319 18:07:51.343" endtime="20230319 18:07:51.857"/>
</iter>
<iter>
<var name="${element}">&lt;selenium.webdriver.remote.webelement.WebElement (session="ad415af2149605a26e037788a9894d11", element="3b1d4109-b6da-4c42-8b07-a357a7866af0")&gt;</var>
<kw name="Get Text" library="SeleniumLibrary">
<var>${temp}</var>
<arg>locator=${element}</arg>
<doc>Returns the text value of the element identified by ``locator``.</doc>
<msg timestamp="20230319 18:07:52.369" level="INFO">${temp} = Shraddha Kapoor</msg>
<status status="PASS" starttime="20230319 18:07:51.858" endtime="20230319 18:07:52.370"/>
</kw>
<kw name="Catenate" library="BuiltIn">
<var>${text_list}</var>
<arg>SEPARATOR= ,</arg>
<arg>${text_list} ${temp}</arg>
<doc>Catenates the given items together and returns the resulted string.</doc>
<msg timestamp="20230319 18:07:52.371" level="INFO">${text_list} =  Ranbir Kapoor Shraddha Kapoor</msg>
<status status="PASS" starttime="20230319 18:07:52.370" endtime="20230319 18:07:52.372"/>
</kw>
<status status="PASS" starttime="20230319 18:07:51.857" endtime="20230319 18:07:52.372"/>
</iter>
<iter>
<var name="${element}">&lt;selenium.webdriver.remote.webelement.WebElement (session="ad415af2149605a26e037788a9894d11", element="553adb2a-be18-400d-bf59-a3bc1e5ef0df")&gt;</var>
<kw name="Get Text" library="SeleniumLibrary">
<var>${temp}</var>
<arg>locator=${element}</arg>
<doc>Returns the text value of the element identified by ``locator``.</doc>
<msg timestamp="20230319 18:07:52.888" level="INFO">${temp} = Anubhav Singh Bassi</msg>
<status status="PASS" starttime="20230319 18:07:52.373" endtime="20230319 18:07:52.888"/>
</kw>
<kw name="Catenate" library="BuiltIn">
<var>${text_list}</var>
<arg>SEPARATOR= ,</arg>
<arg>${text_list} ${temp}</arg>
<doc>Catenates the given items together and returns the resulted string.</doc>
<msg timestamp="20230319 18:07:52.890" level="INFO">${text_list} =  Ranbir Kapoor Shraddha Kapoor Anubhav Singh Bassi</msg>
<status status="PASS" starttime="20230319 18:07:52.889" endtime="20230319 18:07:52.890"/>
</kw>
<status status="PASS" starttime="20230319 18:07:52.372" endtime="20230319 18:07:52.890"/>
</iter>
<iter>
<var name="${element}">&lt;selenium.webdriver.remote.webelement.WebElement (session="ad415af2149605a26e037788a9894d11", element="9cb9113e-84fa-4c16-a042-6c5ff624c881")&gt;</var>
<kw name="Get Text" library="SeleniumLibrary">
<var>${temp}</var>
<arg>locator=${element}</arg>
<doc>Returns the text value of the element identified by ``locator``.</doc>
<msg timestamp="20230319 18:07:53.415" level="INFO">${temp} = Dimple Kapadia</msg>
<status status="PASS" starttime="20230319 18:07:52.892" endtime="20230319 18:07:53.415"/>
</kw>
<kw name="Catenate" library="BuiltIn">
<var>${text_list}</var>
<arg>SEPARATOR= ,</arg>
<arg>${text_list} ${temp}</arg>
<doc>Catenates the given items together and returns the resulted string.</doc>
<msg timestamp="20230319 18:07:53.417" level="INFO">${text_list} =  Ranbir Kapoor Shraddha Kapoor Anubhav Singh Bassi Dimple Kapadia</msg>
<status status="PASS" starttime="20230319 18:07:53.416" endtime="20230319 18:07:53.417"/>
</kw>
<status status="PASS" starttime="20230319 18:07:52.891" endtime="20230319 18:07:53.418"/>
</iter>
<status status="PASS" starttime="20230319 18:07:51.342" endtime="20230319 18:07:53.418"/>
</for>
<return>
<value>${text_list}</value>
<status status="PASS" starttime="20230319 18:07:53.418" endtime="20230319 18:07:53.419"/>
</return>
<msg timestamp="20230319 18:07:53.420" level="INFO">${movieCast} =  Ranbir Kapoor Shraddha Kapoor Anubhav Singh Bassi Dimple Kapadia</msg>
<status status="PASS" starttime="20230319 18:07:50.823" endtime="20230319 18:07:53.420"/>
</kw>
<kw name="Create Dictionary" library="BuiltIn">
<var>${movie_dict}</var>
<arg>Name=${movieName}</arg>
<arg>Rating=${movieRating}</arg>
<arg>Duration=${movieDuration}</arg>
<arg>Genre=${movieGenre}</arg>
<arg>Release=${movieRelease}</arg>
<arg>Synopsis=${movieSynopsis}</arg>
<arg>Cast=${movieCast}</arg>
<doc>Creates and returns a dictionary based on the given ``items``.</doc>
<msg timestamp="20230319 18:07:53.423" level="INFO">${movie_dict} = {'Name': 'Tu Jhoothi Main Makkaar', 'Rating': '7.8/10', 'Duration': '2h 39m', 'Genre': 'Comedy', 'Release': '8 Mar, 2023', 'Synopsis': 'Madness ensues when a `player` in the world of romantic relation...</msg>
<status status="PASS" starttime="20230319 18:07:53.420" endtime="20230319 18:07:53.423"/>
</kw>
<kw name="Set To Dictionary" library="Collections">
<arg>${InCinema_dict}</arg>
<arg>${movieName}</arg>
<arg>${movie_dict}</arg>
<doc>Adds the given ``key_value_pairs`` and ``items`` to the ``dictionary``.</doc>
<status status="PASS" starttime="20230319 18:07:53.423" endtime="20230319 18:07:53.425"/>
</kw>
<status status="PASS" starttime="20230319 18:07:46.694" endtime="20230319 18:07:53.425"/>
</kw>
<status status="PASS" starttime="20230319 18:07:46.693" endtime="20230319 18:07:53.426"/>
</kw>
<status status="PASS" starttime="20230319 18:07:46.692" endtime="20230319 18:07:53.426"/>
</branch>
<branch type="ELSE">
<kw name="Run Keyword And Ignore Error" library="BuiltIn">
<arg>Fetch Movie Details From Coming Soon</arg>
<doc>Runs the given keyword with the given arguments and ignores possible error.</doc>
<status status="NOT RUN" starttime="20230319 18:07:53.427" endtime="20230319 18:07:53.428"/>
</kw>
<status status="NOT RUN" starttime="20230319 18:07:53.427" endtime="20230319 18:07:53.428"/>
</branch>
<status status="PASS" starttime="20230319 18:07:46.692" endtime="20230319 18:07:53.428"/>
</if>
<kw name="Dump Json To File" library="JSONLibrary">
<arg>${InCinemasJSONFilePath}</arg>
<arg>${InCinema_dict}</arg>
<doc>Dump JSON to file</doc>
<status status="PASS" starttime="20230319 18:07:53.429" endtime="20230319 18:07:53.430"/>
</kw>
<kw name="Dump Json To File" library="JSONLibrary">
<arg>${ComingSoonJSONFilePath}</arg>
<arg>${ComingSoon_dict}</arg>
<doc>Dump JSON to file</doc>
<status status="PASS" starttime="20230319 18:07:53.432" endtime="20230319 18:07:53.434"/>
</kw>
<status status="PASS" starttime="20230319 18:07:45.666" endtime="20230319 18:07:53.434"/>
</kw>
<kw name="Close Browser" library="SeleniumLibrary">
<doc>Closes the current browser.</doc>
<status status="PASS" starttime="20230319 18:07:53.435" endtime="20230319 18:07:55.995"/>
</kw>
<kw name="Evaluate" library="BuiltIn">
<var>${counter}</var>
<arg>${counter} + 1</arg>
<doc>Evaluates the given expression in Python and returns the result.</doc>
<msg timestamp="20230319 18:07:56.001" level="INFO">${counter} = 3</msg>
<status status="PASS" starttime="20230319 18:07:55.999" endtime="20230319 18:07:56.001"/>
</kw>
<if>
<branch type="IF" condition="${counter} &gt; ${MaxMovieRetrive}">
<break>
<status status="NOT RUN" starttime="20230319 18:07:56.003" endtime="20230319 18:07:56.003"/>
</break>
<status status="NOT RUN" starttime="20230319 18:07:56.002" endtime="20230319 18:07:56.003"/>
</branch>
<status status="PASS" starttime="20230319 18:07:56.002" endtime="20230319 18:07:56.004"/>
</if>
<status status="PASS" starttime="20230319 18:07:21.416" endtime="20230319 18:07:56.004"/>
</branch>
<status status="PASS" starttime="20230319 18:07:21.416" endtime="20230319 18:07:56.004"/>
</if>
<status status="PASS" starttime="20230319 18:07:21.414" endtime="20230319 18:07:56.005"/>
</iter>
<iter>
<var name="${url}">https://in.bookmyshow.com/pune/movies/shazam-fury-of-the-gods/ET00312239</var>
<kw name="Evaluate" library="BuiltIn">
<var>${contains}</var>
<arg>"/movies/" in """${url}"""</arg>
<doc>Evaluates the given expression in Python and returns the result.</doc>
<msg timestamp="20230319 18:07:56.007" level="INFO">${contains} = True</msg>
<status status="PASS" starttime="20230319 18:07:56.006" endtime="20230319 18:07:56.007"/>
</kw>
<if>
<branch type="IF" condition="${contains} == True">
<kw name="Navigate To Page" library="system">
<arg>${url}</arg>
<kw name="Open Browser" library="SeleniumLibrary">
<arg>${arg1}</arg>
<arg>${arg2}</arg>
<doc>Opens a new browser instance to the optional ``url``.</doc>
<msg timestamp="20230319 18:07:56.010" level="INFO">Opening browser 'chrome' to base url 'https://in.bookmyshow.com/pune/movies/shazam-fury-of-the-gods/ET00312239'.</msg>
<status status="PASS" starttime="20230319 18:07:56.009" endtime="20230319 18:08:19.638"/>
</kw>
<kw name="Maximize Browser Window" library="SeleniumLibrary">
<doc>Maximizes current browser window.</doc>
<status status="PASS" starttime="20230319 18:08:19.639" endtime="20230319 18:08:20.267"/>
</kw>
<status status="PASS" starttime="20230319 18:07:56.008" endtime="20230319 18:08:20.268"/>
</kw>
<kw name="Fetch Movie Details" library="MovieDetail">
<kw name="Get Text" library="SeleniumLibrary">
<var>${text}</var>
<arg>xpath=${FilterInCinemas}</arg>
<doc>Returns the text value of the element identified by ``locator``.</doc>
<msg timestamp="20230319 18:08:21.291" level="INFO">${text} = In cinemas</msg>
<status status="PASS" starttime="20230319 18:08:20.269" endtime="20230319 18:08:21.291"/>
</kw>
<kw name="Evaluate" library="BuiltIn">
<var>${return}</var>
<arg>"""${text}""" == "In cinemas"</arg>
<doc>Evaluates the given expression in Python and returns the result.</doc>
<msg timestamp="20230319 18:08:21.294" level="INFO">${return} = True</msg>
<status status="PASS" starttime="20230319 18:08:21.293" endtime="20230319 18:08:21.294"/>
</kw>
<if>
<branch type="IF" condition="${return} == True">
<kw name="Run Keyword And Ignore Error" library="BuiltIn">
<arg>Fetch Movie Details From Cinemas</arg>
<doc>Runs the given keyword with the given arguments and ignores possible error.</doc>
<kw name="Fetch Movie Details From Cinemas" library="MovieDetail">
<kw name="Get Text" library="SeleniumLibrary">
<var>${movieName}</var>
<arg>xpath=${MovieNameFilter}</arg>
<doc>Returns the text value of the element identified by ``locator``.</doc>
<msg timestamp="20230319 18:08:22.317" level="INFO">${movieName} = Shazam! Fury of the Gods</msg>
<status status="PASS" starttime="20230319 18:08:21.298" endtime="20230319 18:08:22.318"/>
</kw>
<try>
<branch type="TRY">
<kw name="Get Text" library="SeleniumLibrary">
<var>${movieRating}</var>
<arg>xpath=${rating}</arg>
<doc>Returns the text value of the element identified by ``locator``.</doc>
<msg timestamp="20230319 18:08:23.342" level="INFO">${movieRating} = 8.4/10</msg>
<status status="PASS" starttime="20230319 18:08:22.319" endtime="20230319 18:08:23.342"/>
</kw>
<status status="PASS" starttime="20230319 18:08:22.319" endtime="20230319 18:08:23.343"/>
</branch>
<branch type="EXCEPT">
<pattern>message</pattern>
<kw name="${movieRating}= Set Variable">
<arg>0</arg>
<status status="NOT RUN" starttime="20230319 18:08:23.361" endtime="20230319 18:08:23.362"/>
</kw>
<status status="NOT RUN" starttime="20230319 18:08:23.343" endtime="20230319 18:08:23.362"/>
</branch>
<status status="PASS" starttime="20230319 18:08:22.319" endtime="20230319 18:08:23.362"/>
</try>
<kw name="Get Text" library="SeleniumLibrary">
<var>${temp}</var>
<arg>xpath=${MovieGenreFilter}</arg>
<doc>Returns the text value of the element identified by ``locator``.</doc>
<msg timestamp="20230319 18:08:24.385" level="INFO">${temp} = 2h 10m
•
Action
,
Adventure
,
Fantasy
•
UA
•
17 Mar, 2023</msg>
<status status="PASS" starttime="20230319 18:08:23.363" endtime="20230319 18:08:24.385"/>
</kw>
<kw name="Split String" library="String">
<var>@{temps}</var>
<arg>${temp}</arg>
<arg>\n</arg>
<doc>Splits the ``string`` using ``separator`` as a delimiter string.</doc>
<msg timestamp="20230319 18:08:24.387" level="INFO">@{temps} = [ 2h 10m | • | Action | , | Adventure | , | Fantasy | • | UA | • | 17 Mar, 2023 ]</msg>
<status status="PASS" starttime="20230319 18:08:24.386" endtime="20230319 18:08:24.387"/>
</kw>
<kw name="Get From List" library="Collections">
<var>${movieDuration}</var>
<arg>${temps}</arg>
<arg>0</arg>
<doc>Returns the value specified with an ``index`` from ``list``.</doc>
<msg timestamp="20230319 18:08:24.389" level="INFO">${movieDuration} = 2h 10m</msg>
<status status="PASS" starttime="20230319 18:08:24.388" endtime="20230319 18:08:24.389"/>
</kw>
<kw name="Get From List" library="Collections">
<var>${movieGenre}</var>
<arg>${temps}</arg>
<arg>2</arg>
<doc>Returns the value specified with an ``index`` from ``list``.</doc>
<msg timestamp="20230319 18:08:24.390" level="INFO">${movieGenre} = Action</msg>
<status status="PASS" starttime="20230319 18:08:24.389" endtime="20230319 18:08:24.390"/>
</kw>
<kw name="Get From List" library="Collections">
<var>${movieRelease}</var>
<arg>${temps}</arg>
<arg>-1</arg>
<doc>Returns the value specified with an ``index`` from ``list``.</doc>
<msg timestamp="20230319 18:08:24.391" level="INFO">${movieRelease} = 17 Mar, 2023</msg>
<status status="PASS" starttime="20230319 18:08:24.391" endtime="20230319 18:08:24.391"/>
</kw>
<kw name="Get Text" library="SeleniumLibrary">
<var>${movieSynopsis}</var>
<arg>xpath=${MovieSynopsisFilter}</arg>
<doc>Returns the text value of the element identified by ``locator``.</doc>
<msg timestamp="20230319 18:08:25.415" level="INFO">${movieSynopsis} = Billy Batson and his foster siblings, who transform into superheroes by saying "Shazam!", are forced to get back into action and fight the Daughters of Atlas, who are using a weapon that could destroy...</msg>
<status status="PASS" starttime="20230319 18:08:24.391" endtime="20230319 18:08:25.415"/>
</kw>
<kw name="Get Texts" library="MovieDetail">
<var>${movieCast}</var>
<arg>xpath=${MovieCastFilter}</arg>
<kw name="Set Variable" library="BuiltIn">
<var>${text_list}</var>
<arg>${EMPTY}</arg>
<doc>Returns the given values which can then be assigned to a variables.</doc>
<msg timestamp="20230319 18:08:25.419" level="INFO">${text_list} = </msg>
<status status="PASS" starttime="20230319 18:08:25.417" endtime="20230319 18:08:25.419"/>
</kw>
<kw name="Set Variable" library="BuiltIn">
<var>${temp}</var>
<arg>${EMPTY}</arg>
<doc>Returns the given values which can then be assigned to a variables.</doc>
<msg timestamp="20230319 18:08:25.421" level="INFO">${temp} = </msg>
<status status="PASS" starttime="20230319 18:08:25.420" endtime="20230319 18:08:25.421"/>
</kw>
<kw name="Get WebElements" library="SeleniumLibrary">
<var>@{element_list}</var>
<arg>${xpath}</arg>
<doc>Returns a list of WebElement objects matching the ``locator``.</doc>
<msg timestamp="20230319 18:08:25.932" level="INFO">@{element_list} = [ &lt;selenium.webdriver.remote.webelement.WebElement (session="a342099c5fbbee9023b6741d3687854e", element="e678d77f-4956-4ae6-b917-1693b2323ec1")&gt; | &lt;selenium.webdriver.remote.webelement.WebElement (ses...</msg>
<status status="PASS" starttime="20230319 18:08:25.422" endtime="20230319 18:08:25.932"/>
</kw>
<for flavor="IN">
<var>${element}</var>
<value>@{element_list}</value>
<iter>
<var name="${element}">&lt;selenium.webdriver.remote.webelement.WebElement (session="a342099c5fbbee9023b6741d3687854e", element="e678d77f-4956-4ae6-b917-1693b2323ec1")&gt;</var>
<kw name="Get Text" library="SeleniumLibrary">
<var>${temp}</var>
<arg>locator=${element}</arg>
<doc>Returns the text value of the element identified by ``locator``.</doc>
<msg timestamp="20230319 18:08:26.446" level="INFO">${temp} = Zachary Levi</msg>
<status status="PASS" starttime="20230319 18:08:25.934" endtime="20230319 18:08:26.446"/>
</kw>
<kw name="Catenate" library="BuiltIn">
<var>${text_list}</var>
<arg>SEPARATOR= ,</arg>
<arg>${text_list} ${temp}</arg>
<doc>Catenates the given items together and returns the resulted string.</doc>
<msg timestamp="20230319 18:08:26.448" level="INFO">${text_list} =  Zachary Levi</msg>
<status status="PASS" starttime="20230319 18:08:26.446" endtime="20230319 18:08:26.448"/>
</kw>
<status status="PASS" starttime="20230319 18:08:25.933" endtime="20230319 18:08:26.449"/>
</iter>
<iter>
<var name="${element}">&lt;selenium.webdriver.remote.webelement.WebElement (session="a342099c5fbbee9023b6741d3687854e", element="2c56e5eb-eec3-4e0e-9ac7-552733a12f30")&gt;</var>
<kw name="Get Text" library="SeleniumLibrary">
<var>${temp}</var>
<arg>locator=${element}</arg>
<doc>Returns the text value of the element identified by ``locator``.</doc>
<msg timestamp="20230319 18:08:26.962" level="INFO">${temp} = Asher Angel</msg>
<status status="PASS" starttime="20230319 18:08:26.450" endtime="20230319 18:08:26.963"/>
</kw>
<kw name="Catenate" library="BuiltIn">
<var>${text_list}</var>
<arg>SEPARATOR= ,</arg>
<arg>${text_list} ${temp}</arg>
<doc>Catenates the given items together and returns the resulted string.</doc>
<msg timestamp="20230319 18:08:26.968" level="INFO">${text_list} =  Zachary Levi Asher Angel</msg>
<status status="PASS" starttime="20230319 18:08:26.965" endtime="20230319 18:08:26.968"/>
</kw>
<status status="PASS" starttime="20230319 18:08:26.450" endtime="20230319 18:08:26.969"/>
</iter>
<iter>
<var name="${element}">&lt;selenium.webdriver.remote.webelement.WebElement (session="a342099c5fbbee9023b6741d3687854e", element="f60a15d4-17bd-44d7-aab8-6bb66ad5b4cb")&gt;</var>
<kw name="Get Text" library="SeleniumLibrary">
<var>${temp}</var>
<arg>locator=${element}</arg>
<doc>Returns the text value of the element identified by ``locator``.</doc>
<msg timestamp="20230319 18:08:27.482" level="INFO">${temp} = Jack Dylan Grazer</msg>
<status status="PASS" starttime="20230319 18:08:26.970" endtime="20230319 18:08:27.483"/>
</kw>
<kw name="Catenate" library="BuiltIn">
<var>${text_list}</var>
<arg>SEPARATOR= ,</arg>
<arg>${text_list} ${temp}</arg>
<doc>Catenates the given items together and returns the resulted string.</doc>
<msg timestamp="20230319 18:08:27.485" level="INFO">${text_list} =  Zachary Levi Asher Angel Jack Dylan Grazer</msg>
<status status="PASS" starttime="20230319 18:08:27.484" endtime="20230319 18:08:27.485"/>
</kw>
<status status="PASS" starttime="20230319 18:08:26.969" endtime="20230319 18:08:27.485"/>
</iter>
<iter>
<var name="${element}">&lt;selenium.webdriver.remote.webelement.WebElement (session="a342099c5fbbee9023b6741d3687854e", element="9d5075a8-34f4-498a-874a-0ffef3b40b39")&gt;</var>
<kw name="Get Text" library="SeleniumLibrary">
<var>${temp}</var>
<arg>locator=${element}</arg>
<doc>Returns the text value of the element identified by ``locator``.</doc>
<msg timestamp="20230319 18:08:27.998" level="INFO">${temp} = Grace Fulton</msg>
<status status="PASS" starttime="20230319 18:08:27.486" endtime="20230319 18:08:27.998"/>
</kw>
<kw name="Catenate" library="BuiltIn">
<var>${text_list}</var>
<arg>SEPARATOR= ,</arg>
<arg>${text_list} ${temp}</arg>
<doc>Catenates the given items together and returns the resulted string.</doc>
<msg timestamp="20230319 18:08:28.000" level="INFO">${text_list} =  Zachary Levi Asher Angel Jack Dylan Grazer Grace Fulton</msg>
<status status="PASS" starttime="20230319 18:08:27.999" endtime="20230319 18:08:28.000"/>
</kw>
<status status="PASS" starttime="20230319 18:08:27.486" endtime="20230319 18:08:28.000"/>
</iter>
<iter>
<var name="${element}">&lt;selenium.webdriver.remote.webelement.WebElement (session="a342099c5fbbee9023b6741d3687854e", element="747a0603-cbb4-4b04-a66f-4d499d9e70b1")&gt;</var>
<kw name="Get Text" library="SeleniumLibrary">
<var>${temp}</var>
<arg>locator=${element}</arg>
<doc>Returns the text value of the element identified by ``locator``.</doc>
<msg timestamp="20230319 18:08:28.513" level="INFO">${temp} = Adam Brody</msg>
<status status="PASS" starttime="20230319 18:08:28.001" endtime="20230319 18:08:28.513"/>
</kw>
<kw name="Catenate" library="BuiltIn">
<var>${text_list}</var>
<arg>SEPARATOR= ,</arg>
<arg>${text_list} ${temp}</arg>
<doc>Catenates the given items together and returns the resulted string.</doc>
<msg timestamp="20230319 18:08:28.516" level="INFO">${text_list} =  Zachary Levi Asher Angel Jack Dylan Grazer Grace Fulton Adam Brody</msg>
<status status="PASS" starttime="20230319 18:08:28.514" endtime="20230319 18:08:28.517"/>
</kw>
<status status="PASS" starttime="20230319 18:08:28.001" endtime="20230319 18:08:28.517"/>
</iter>
<iter>
<var name="${element}">&lt;selenium.webdriver.remote.webelement.WebElement (session="a342099c5fbbee9023b6741d3687854e", element="372522fa-5941-47c0-b617-52e0083b4306")&gt;</var>
<kw name="Get Text" library="SeleniumLibrary">
<var>${temp}</var>
<arg>locator=${element}</arg>
<doc>Returns the text value of the element identified by ``locator``.</doc>
<msg timestamp="20230319 18:08:29.032" level="INFO">${temp} = Helen Mirren</msg>
<status status="PASS" starttime="20230319 18:08:28.519" endtime="20230319 18:08:29.033"/>
</kw>
<kw name="Catenate" library="BuiltIn">
<var>${text_list}</var>
<arg>SEPARATOR= ,</arg>
<arg>${text_list} ${temp}</arg>
<doc>Catenates the given items together and returns the resulted string.</doc>
<msg timestamp="20230319 18:08:29.035" level="INFO">${text_list} =  Zachary Levi Asher Angel Jack Dylan Grazer Grace Fulton Adam Brody Helen Mirren</msg>
<status status="PASS" starttime="20230319 18:08:29.034" endtime="20230319 18:08:29.035"/>
</kw>
<status status="PASS" starttime="20230319 18:08:28.518" endtime="20230319 18:08:29.036"/>
</iter>
<iter>
<var name="${element}">&lt;selenium.webdriver.remote.webelement.WebElement (session="a342099c5fbbee9023b6741d3687854e", element="54e0dd93-e695-46bc-86d8-d227176b45a4")&gt;</var>
<kw name="Get Text" library="SeleniumLibrary">
<var>${temp}</var>
<arg>locator=${element}</arg>
<doc>Returns the text value of the element identified by ``locator``.</doc>
<msg timestamp="20230319 18:08:29.550" level="INFO">${temp} = Lucy Liu</msg>
<status status="PASS" starttime="20230319 18:08:29.038" endtime="20230319 18:08:29.550"/>
</kw>
<kw name="Catenate" library="BuiltIn">
<var>${text_list}</var>
<arg>SEPARATOR= ,</arg>
<arg>${text_list} ${temp}</arg>
<doc>Catenates the given items together and returns the resulted string.</doc>
<msg timestamp="20230319 18:08:29.553" level="INFO">${text_list} =  Zachary Levi Asher Angel Jack Dylan Grazer Grace Fulton Adam Brody Helen Mirren Lucy Liu</msg>
<status status="PASS" starttime="20230319 18:08:29.552" endtime="20230319 18:08:29.553"/>
</kw>
<status status="PASS" starttime="20230319 18:08:29.037" endtime="20230319 18:08:29.553"/>
</iter>
<status status="PASS" starttime="20230319 18:08:25.932" endtime="20230319 18:08:29.554"/>
</for>
<return>
<value>${text_list}</value>
<status status="PASS" starttime="20230319 18:08:29.555" endtime="20230319 18:08:29.555"/>
</return>
<msg timestamp="20230319 18:08:29.556" level="INFO">${movieCast} =  Zachary Levi Asher Angel Jack Dylan Grazer Grace Fulton Adam Brody Helen Mirren Lucy Liu</msg>
<status status="PASS" starttime="20230319 18:08:25.416" endtime="20230319 18:08:29.556"/>
</kw>
<kw name="Create Dictionary" library="BuiltIn">
<var>${movie_dict}</var>
<arg>Name=${movieName}</arg>
<arg>Rating=${movieRating}</arg>
<arg>Duration=${movieDuration}</arg>
<arg>Genre=${movieGenre}</arg>
<arg>Release=${movieRelease}</arg>
<arg>Synopsis=${movieSynopsis}</arg>
<arg>Cast=${movieCast}</arg>
<doc>Creates and returns a dictionary based on the given ``items``.</doc>
<msg timestamp="20230319 18:08:29.559" level="INFO">${movie_dict} = {'Name': 'Shazam! Fury of the Gods', 'Rating': '8.4/10', 'Duration': '2h 10m', 'Genre': 'Action', 'Release': '17 Mar, 2023', 'Synopsis': 'Billy Batson and his foster siblings, who transform into super...</msg>
<status status="PASS" starttime="20230319 18:08:29.557" endtime="20230319 18:08:29.559"/>
</kw>
<kw name="Set To Dictionary" library="Collections">
<arg>${InCinema_dict}</arg>
<arg>${movieName}</arg>
<arg>${movie_dict}</arg>
<doc>Adds the given ``key_value_pairs`` and ``items`` to the ``dictionary``.</doc>
<status status="PASS" starttime="20230319 18:08:29.560" endtime="20230319 18:08:29.561"/>
</kw>
<status status="PASS" starttime="20230319 18:08:21.297" endtime="20230319 18:08:29.561"/>
</kw>
<status status="PASS" starttime="20230319 18:08:21.296" endtime="20230319 18:08:29.562"/>
</kw>
<status status="PASS" starttime="20230319 18:08:21.295" endtime="20230319 18:08:29.562"/>
</branch>
<branch type="ELSE">
<kw name="Run Keyword And Ignore Error" library="BuiltIn">
<arg>Fetch Movie Details From Coming Soon</arg>
<doc>Runs the given keyword with the given arguments and ignores possible error.</doc>
<status status="NOT RUN" starttime="20230319 18:08:29.563" endtime="20230319 18:08:29.563"/>
</kw>
<status status="NOT RUN" starttime="20230319 18:08:29.562" endtime="20230319 18:08:29.564"/>
</branch>
<status status="PASS" starttime="20230319 18:08:21.295" endtime="20230319 18:08:29.564"/>
</if>
<kw name="Dump Json To File" library="JSONLibrary">
<arg>${InCinemasJSONFilePath}</arg>
<arg>${InCinema_dict}</arg>
<doc>Dump JSON to file</doc>
<status status="PASS" starttime="20230319 18:08:29.564" endtime="20230319 18:08:29.566"/>
</kw>
<kw name="Dump Json To File" library="JSONLibrary">
<arg>${ComingSoonJSONFilePath}</arg>
<arg>${ComingSoon_dict}</arg>
<doc>Dump JSON to file</doc>
<status status="PASS" starttime="20230319 18:08:29.567" endtime="20230319 18:08:29.568"/>
</kw>
<status status="PASS" starttime="20230319 18:08:20.268" endtime="20230319 18:08:29.569"/>
</kw>
<kw name="Close Browser" library="SeleniumLibrary">
<doc>Closes the current browser.</doc>
<status status="PASS" starttime="20230319 18:08:29.570" endtime="20230319 18:08:32.148"/>
</kw>
<kw name="Evaluate" library="BuiltIn">
<var>${counter}</var>
<arg>${counter} + 1</arg>
<doc>Evaluates the given expression in Python and returns the result.</doc>
<msg timestamp="20230319 18:08:32.152" level="INFO">${counter} = 4</msg>
<status status="PASS" starttime="20230319 18:08:32.151" endtime="20230319 18:08:32.152"/>
</kw>
<if>
<branch type="IF" condition="${counter} &gt; ${MaxMovieRetrive}">
<break>
<status status="NOT RUN" starttime="20230319 18:08:32.153" endtime="20230319 18:08:32.154"/>
</break>
<status status="NOT RUN" starttime="20230319 18:08:32.153" endtime="20230319 18:08:32.154"/>
</branch>
<status status="PASS" starttime="20230319 18:08:32.152" endtime="20230319 18:08:32.154"/>
</if>
<status status="PASS" starttime="20230319 18:07:56.008" endtime="20230319 18:08:32.155"/>
</branch>
<status status="PASS" starttime="20230319 18:07:56.007" endtime="20230319 18:08:32.155"/>
</if>
<status status="PASS" starttime="20230319 18:07:56.005" endtime="20230319 18:08:32.155"/>
</iter>
<iter>
<var name="${url}">https://in.bookmyshow.com/pune/movies/kabzaa/ET00315054</var>
<kw name="Evaluate" library="BuiltIn">
<var>${contains}</var>
<arg>"/movies/" in """${url}"""</arg>
<doc>Evaluates the given expression in Python and returns the result.</doc>
<msg timestamp="20230319 18:08:32.157" level="INFO">${contains} = True</msg>
<status status="PASS" starttime="20230319 18:08:32.156" endtime="20230319 18:08:32.157"/>
</kw>
<if>
<branch type="IF" condition="${contains} == True">
<kw name="Navigate To Page" library="system">
<arg>${url}</arg>
<kw name="Open Browser" library="SeleniumLibrary">
<arg>${arg1}</arg>
<arg>${arg2}</arg>
<doc>Opens a new browser instance to the optional ``url``.</doc>
<msg timestamp="20230319 18:08:32.161" level="INFO">Opening browser 'chrome' to base url 'https://in.bookmyshow.com/pune/movies/kabzaa/ET00315054'.</msg>
<status status="PASS" starttime="20230319 18:08:32.160" endtime="20230319 18:08:56.595"/>
</kw>
<kw name="Maximize Browser Window" library="SeleniumLibrary">
<doc>Maximizes current browser window.</doc>
<status status="PASS" starttime="20230319 18:08:56.596" endtime="20230319 18:08:57.214"/>
</kw>
<status status="PASS" starttime="20230319 18:08:32.159" endtime="20230319 18:08:57.215"/>
</kw>
<kw name="Fetch Movie Details" library="MovieDetail">
<kw name="Get Text" library="SeleniumLibrary">
<var>${text}</var>
<arg>xpath=${FilterInCinemas}</arg>
<doc>Returns the text value of the element identified by ``locator``.</doc>
<msg timestamp="20230319 18:08:58.238" level="INFO">${text} = In cinemas</msg>
<status status="PASS" starttime="20230319 18:08:57.217" endtime="20230319 18:08:58.238"/>
</kw>
<kw name="Evaluate" library="BuiltIn">
<var>${return}</var>
<arg>"""${text}""" == "In cinemas"</arg>
<doc>Evaluates the given expression in Python and returns the result.</doc>
<msg timestamp="20230319 18:08:58.239" level="INFO">${return} = True</msg>
<status status="PASS" starttime="20230319 18:08:58.238" endtime="20230319 18:08:58.240"/>
</kw>
<if>
<branch type="IF" condition="${return} == True">
<kw name="Run Keyword And Ignore Error" library="BuiltIn">
<arg>Fetch Movie Details From Cinemas</arg>
<doc>Runs the given keyword with the given arguments and ignores possible error.</doc>
<kw name="Fetch Movie Details From Cinemas" library="MovieDetail">
<kw name="Get Text" library="SeleniumLibrary">
<var>${movieName}</var>
<arg>xpath=${MovieNameFilter}</arg>
<doc>Returns the text value of the element identified by ``locator``.</doc>
<msg timestamp="20230319 18:08:59.264" level="INFO">${movieName} = Kabzaa</msg>
<status status="PASS" starttime="20230319 18:08:58.243" endtime="20230319 18:08:59.265"/>
</kw>
<try>
<branch type="TRY">
<kw name="Get Text" library="SeleniumLibrary">
<var>${movieRating}</var>
<arg>xpath=${rating}</arg>
<doc>Returns the text value of the element identified by ``locator``.</doc>
<msg timestamp="20230319 18:09:00.290" level="INFO">${movieRating} = 8.3/10</msg>
<status status="PASS" starttime="20230319 18:08:59.269" endtime="20230319 18:09:00.290"/>
</kw>
<status status="PASS" starttime="20230319 18:08:59.267" endtime="20230319 18:09:00.290"/>
</branch>
<branch type="EXCEPT">
<pattern>message</pattern>
<kw name="${movieRating}= Set Variable">
<arg>0</arg>
<status status="NOT RUN" starttime="20230319 18:09:00.309" endtime="20230319 18:09:00.309"/>
</kw>
<status status="NOT RUN" starttime="20230319 18:09:00.291" endtime="20230319 18:09:00.310"/>
</branch>
<status status="PASS" starttime="20230319 18:08:59.266" endtime="20230319 18:09:00.310"/>
</try>
<kw name="Get Text" library="SeleniumLibrary">
<var>${temp}</var>
<arg>xpath=${MovieGenreFilter}</arg>
<doc>Returns the text value of the element identified by ``locator``.</doc>
<msg timestamp="20230319 18:09:01.335" level="INFO">${temp} = 2h 16m
•
Action
,
Crime
,
Drama
,
Period
•
UA
•
17 Mar, 2023</msg>
<status status="PASS" starttime="20230319 18:09:00.311" endtime="20230319 18:09:01.336"/>
</kw>
<kw name="Split String" library="String">
<var>@{temps}</var>
<arg>${temp}</arg>
<arg>\n</arg>
<doc>Splits the ``string`` using ``separator`` as a delimiter string.</doc>
<msg timestamp="20230319 18:09:01.338" level="INFO">@{temps} = [ 2h 16m | • | Action | , | Crime | , | Drama | , | Period | • | UA | • | 17 Mar, 2023 ]</msg>
<status status="PASS" starttime="20230319 18:09:01.337" endtime="20230319 18:09:01.338"/>
</kw>
<kw name="Get From List" library="Collections">
<var>${movieDuration}</var>
<arg>${temps}</arg>
<arg>0</arg>
<doc>Returns the value specified with an ``index`` from ``list``.</doc>
<msg timestamp="20230319 18:09:01.339" level="INFO">${movieDuration} = 2h 16m</msg>
<status status="PASS" starttime="20230319 18:09:01.338" endtime="20230319 18:09:01.339"/>
</kw>
<kw name="Get From List" library="Collections">
<var>${movieGenre}</var>
<arg>${temps}</arg>
<arg>2</arg>
<doc>Returns the value specified with an ``index`` from ``list``.</doc>
<msg timestamp="20230319 18:09:01.340" level="INFO">${movieGenre} = Action</msg>
<status status="PASS" starttime="20230319 18:09:01.340" endtime="20230319 18:09:01.341"/>
</kw>
<kw name="Get From List" library="Collections">
<var>${movieRelease}</var>
<arg>${temps}</arg>
<arg>-1</arg>
<doc>Returns the value specified with an ``index`` from ``list``.</doc>
<msg timestamp="20230319 18:09:01.342" level="INFO">${movieRelease} = 17 Mar, 2023</msg>
<status status="PASS" starttime="20230319 18:09:01.341" endtime="20230319 18:09:01.342"/>
</kw>
<kw name="Get Text" library="SeleniumLibrary">
<var>${movieSynopsis}</var>
<arg>xpath=${MovieSynopsisFilter}</arg>
<doc>Returns the text value of the element identified by ``locator``.</doc>
<msg timestamp="20230319 18:09:02.364" level="INFO">${movieSynopsis} = Kabzaa movie is inspired from few incidents that occurred between 1945 to 1986. It is the saga of Amareshwara and his family which gets destroyed by the British atrocity and later gets into trouble, d...</msg>
<status status="PASS" starttime="20230319 18:09:01.343" endtime="20230319 18:09:02.365"/>
</kw>
<kw name="Get Texts" library="MovieDetail">
<var>${movieCast}</var>
<arg>xpath=${MovieCastFilter}</arg>
<kw name="Set Variable" library="BuiltIn">
<var>${text_list}</var>
<arg>${EMPTY}</arg>
<doc>Returns the given values which can then be assigned to a variables.</doc>
<msg timestamp="20230319 18:09:02.371" level="INFO">${text_list} = </msg>
<status status="PASS" starttime="20230319 18:09:02.369" endtime="20230319 18:09:02.371"/>
</kw>
<kw name="Set Variable" library="BuiltIn">
<var>${temp}</var>
<arg>${EMPTY}</arg>
<doc>Returns the given values which can then be assigned to a variables.</doc>
<msg timestamp="20230319 18:09:02.373" level="INFO">${temp} = </msg>
<status status="PASS" starttime="20230319 18:09:02.372" endtime="20230319 18:09:02.373"/>
</kw>
<kw name="Get WebElements" library="SeleniumLibrary">
<var>@{element_list}</var>
<arg>${xpath}</arg>
<doc>Returns a list of WebElement objects matching the ``locator``.</doc>
<msg timestamp="20230319 18:09:02.885" level="INFO">@{element_list} = [ &lt;selenium.webdriver.remote.webelement.WebElement (session="a5ef2907aaaba4870a6b206ec15c4108", element="6384d4b6-9307-481f-a50b-5f8e86e96166")&gt; | &lt;selenium.webdriver.remote.webelement.WebElement (ses...</msg>
<status status="PASS" starttime="20230319 18:09:02.374" endtime="20230319 18:09:02.885"/>
</kw>
<for flavor="IN">
<var>${element}</var>
<value>@{element_list}</value>
<iter>
<var name="${element}">&lt;selenium.webdriver.remote.webelement.WebElement (session="a5ef2907aaaba4870a6b206ec15c4108", element="6384d4b6-9307-481f-a50b-5f8e86e96166")&gt;</var>
<kw name="Get Text" library="SeleniumLibrary">
<var>${temp}</var>
<arg>locator=${element}</arg>
<doc>Returns the text value of the element identified by ``locator``.</doc>
<msg timestamp="20230319 18:09:03.399" level="INFO">${temp} = Upendra</msg>
<status status="PASS" starttime="20230319 18:09:02.887" endtime="20230319 18:09:03.400"/>
</kw>
<kw name="Catenate" library="BuiltIn">
<var>${text_list}</var>
<arg>SEPARATOR= ,</arg>
<arg>${text_list} ${temp}</arg>
<doc>Catenates the given items together and returns the resulted string.</doc>
<msg timestamp="20230319 18:09:03.404" level="INFO">${text_list} =  Upendra</msg>
<status status="PASS" starttime="20230319 18:09:03.402" endtime="20230319 18:09:03.404"/>
</kw>
<status status="PASS" starttime="20230319 18:09:02.887" endtime="20230319 18:09:03.405"/>
</iter>
<iter>
<var name="${element}">&lt;selenium.webdriver.remote.webelement.WebElement (session="a5ef2907aaaba4870a6b206ec15c4108", element="cabaf3c3-0e0d-4ac9-bf78-9cbb52c6035c")&gt;</var>
<kw name="Get Text" library="SeleniumLibrary">
<var>${temp}</var>
<arg>locator=${element}</arg>
<doc>Returns the text value of the element identified by ``locator``.</doc>
<msg timestamp="20230319 18:09:03.918" level="INFO">${temp} = Kiccha Sudeep</msg>
<status status="PASS" starttime="20230319 18:09:03.406" endtime="20230319 18:09:03.919"/>
</kw>
<kw name="Catenate" library="BuiltIn">
<var>${text_list}</var>
<arg>SEPARATOR= ,</arg>
<arg>${text_list} ${temp}</arg>
<doc>Catenates the given items together and returns the resulted string.</doc>
<msg timestamp="20230319 18:09:03.922" level="INFO">${text_list} =  Upendra Kiccha Sudeep</msg>
<status status="PASS" starttime="20230319 18:09:03.920" endtime="20230319 18:09:03.923"/>
</kw>
<status status="PASS" starttime="20230319 18:09:03.405" endtime="20230319 18:09:03.923"/>
</iter>
<iter>
<var name="${element}">&lt;selenium.webdriver.remote.webelement.WebElement (session="a5ef2907aaaba4870a6b206ec15c4108", element="9fbdcb9e-b147-413d-bc56-e86685100b1d")&gt;</var>
<kw name="Get Text" library="SeleniumLibrary">
<var>${temp}</var>
<arg>locator=${element}</arg>
<doc>Returns the text value of the element identified by ``locator``.</doc>
<msg timestamp="20230319 18:09:04.440" level="INFO">${temp} = Dr. Shiva Rajkumar</msg>
<status status="PASS" starttime="20230319 18:09:03.924" endtime="20230319 18:09:04.441"/>
</kw>
<kw name="Catenate" library="BuiltIn">
<var>${text_list}</var>
<arg>SEPARATOR= ,</arg>
<arg>${text_list} ${temp}</arg>
<doc>Catenates the given items together and returns the resulted string.</doc>
<msg timestamp="20230319 18:09:04.445" level="INFO">${text_list} =  Upendra Kiccha Sudeep Dr. Shiva Rajkumar</msg>
<status status="PASS" starttime="20230319 18:09:04.443" endtime="20230319 18:09:04.445"/>
</kw>
<status status="PASS" starttime="20230319 18:09:03.924" endtime="20230319 18:09:04.446"/>
</iter>
<iter>
<var name="${element}">&lt;selenium.webdriver.remote.webelement.WebElement (session="a5ef2907aaaba4870a6b206ec15c4108", element="a304fc3c-626c-4159-9d08-9beec929fb60")&gt;</var>
<kw name="Get Text" library="SeleniumLibrary">
<var>${temp}</var>
<arg>locator=${element}</arg>
<doc>Returns the text value of the element identified by ``locator``.</doc>
[...]
<msg timestamp="20230319 18:10:47.320" level="INFO">${col} = 8</msg>
<status status="PASS" starttime="20230319 18:10:47.319" endtime="20230319 18:10:47.320"/>
</kw>
<status status="PASS" starttime="20230319 18:10:47.316" endtime="20230319 18:10:47.320"/>
</iter>
<status status="PASS" starttime="20230319 18:10:47.289" endtime="20230319 18:10:47.321"/>
</for>
<kw name="Set Variable" library="BuiltIn">
<var>${col}</var>
<arg>1</arg>
<doc>Returns the given values which can then be assigned to a variables.</doc>
<msg timestamp="20230319 18:10:47.322" level="INFO">${col} = 1</msg>
<status status="PASS" starttime="20230319 18:10:47.322" endtime="20230319 18:10:47.322"/>
</kw>
<kw name="Evaluate" library="BuiltIn">
<var>${row}</var>
<arg>${row} + 1</arg>
<doc>Evaluates the given expression in Python and returns the result.</doc>
<msg timestamp="20230319 18:10:47.324" level="INFO">${row} = 7</msg>
<status status="PASS" starttime="20230319 18:10:47.323" endtime="20230319 18:10:47.324"/>
</kw>
<status status="PASS" starttime="20230319 18:10:47.285" endtime="20230319 18:10:47.324"/>
</iter>
<status status="PASS" starttime="20230319 18:10:47.129" endtime="20230319 18:10:47.325"/>
</for>
<kw name="Save Workbook" library="RPA.Excel.Files">
<doc>Save the active workbook.</doc>
<status status="PASS" starttime="20230319 18:10:47.325" endtime="20230319 18:10:47.350"/>
</kw>
<kw name="Close Workbook" library="RPA.Excel.Files">
<doc>Close the active workbook.</doc>
<msg timestamp="20230319 18:10:47.352" level="INFO">Closing workbook: &lt;RPA.Excel.Files.XlsxWorkbook object at 0x0000014682D52ED0&gt;</msg>
<status status="PASS" starttime="20230319 18:10:47.351" endtime="20230319 18:10:47.352"/>
</kw>
<status status="PASS" starttime="20230319 18:10:22.700" endtime="20230319 18:10:47.353"/>
</kw>
<kw name="Write JSON to Excel" library="Excel">
<arg>${ComingSoonJSONFilePath}</arg>
<arg>${MovieExcelFilePath}</arg>
<arg>Coming Soon</arg>
<kw name="Load JSON from file" library="RPA.JSON">
<var>${temp}</var>
<arg>${json_file}</arg>
<doc>Load JSON data from a file, and return it as JSON serializable object.
Depending on the input file the object can be either a dictionary,
a list, or a scalar value.</doc>
<msg timestamp="20230319 18:10:47.357" level="INFO">Loading JSON from file: c:\Users\swarn\DEV\Gayaan.Ai_BMSScraper\actual\output\ComingSoon.json</msg>
<msg timestamp="20230319 18:10:47.359" level="INFO">${temp} = {'John Wick: Chapter 4': {'Name': 'John Wick: Chapter 4', 'Release': 'Releasing on 24 Mar, 2023', 'Synopsis': 'John Wick (Keanu Reeves) takes on his most lethal adversaries yet in the upcoming fourth ...</msg>
<status status="PASS" starttime="20230319 18:10:47.356" endtime="20230319 18:10:47.359"/>
</kw>
<kw name="Evaluate" library="BuiltIn">
<var>${condition}</var>
<arg>len(${temp}) &lt; 1</arg>
<doc>Evaluates the given expression in Python and returns the result.</doc>
<msg timestamp="20230319 18:10:47.362" level="INFO">${condition} = False</msg>
<status status="PASS" starttime="20230319 18:10:47.360" endtime="20230319 18:10:47.362"/>
</kw>
<if>
<branch type="IF" condition="${condition}">
<return>
<status status="NOT RUN" starttime="20230319 18:10:47.364" endtime="20230319 18:10:47.364"/>
</return>
<status status="NOT RUN" starttime="20230319 18:10:47.363" endtime="20230319 18:10:47.365"/>
</branch>
<status status="PASS" starttime="20230319 18:10:47.363" endtime="20230319 18:10:47.365"/>
</if>
<kw name="File Exists" library="file">
<var>${fileExists}</var>
<arg>${excel_file}</arg>
<msg timestamp="20230319 18:10:47.368" level="INFO">${fileExists} = True</msg>
<status status="PASS" starttime="20230319 18:10:47.366" endtime="20230319 18:10:47.368"/>
</kw>
<if>
<branch type="IF" condition="${fileExists} is True">
<kw name="Log" library="BuiltIn">
<arg>File Exsists Overwriting</arg>
<doc>Logs the given message with the given level.</doc>
<msg timestamp="20230319 18:10:47.371" level="INFO">File Exsists Overwriting</msg>
<status status="PASS" starttime="20230319 18:10:47.370" endtime="20230319 18:10:47.371"/>
</kw>
<kw name="Open Workbook" library="RPA.Excel.Files">
<arg>${excel_file}</arg>
<doc>Open an existing Excel workbook.</doc>
<msg timestamp="20230319 18:10:47.399" level="INFO">Opened workbook: &lt;RPA.Excel.Files.XlsxWorkbook object at 0x0000014682E6FB10&gt;</msg>
<status status="PASS" starttime="20230319 18:10:47.372" endtime="20230319 18:10:47.399"/>
</kw>
<status status="PASS" starttime="20230319 18:10:47.369" endtime="20230319 18:10:47.400"/>
</branch>
<branch type="ELSE">
<kw name="Create Workbook" library="RPA.Excel.Files">
<arg>${excel_file}</arg>
<doc>Create and open a new Excel workbook.</doc>
<status status="NOT RUN" starttime="20230319 18:10:47.401" endtime="20230319 18:10:47.402"/>
</kw>
<status status="NOT RUN" starttime="20230319 18:10:47.400" endtime="20230319 18:10:47.402"/>
</branch>
<status status="PASS" starttime="20230319 18:10:47.369" endtime="20230319 18:10:47.402"/>
</if>
<kw name="Convert To Dictionary" library="Collections">
<var>${json_data}</var>
<arg>${temp}</arg>
<doc>Converts the given ``item`` to a Python ``dict`` type.</doc>
<msg timestamp="20230319 18:10:47.404" level="INFO">${json_data} = {'John Wick: Chapter 4': {'Name': 'John Wick: Chapter 4', 'Release': 'Releasing on 24 Mar, 2023', 'Synopsis': 'John Wick (Keanu Reeves) takes on his most lethal adversaries yet in the upcoming fourth ...</msg>
<status status="PASS" starttime="20230319 18:10:47.403" endtime="20230319 18:10:47.404"/>
</kw>
<kw name="Get Dictionary Keys" library="Collections">
<var>@{keys}</var>
<arg>${json_data}</arg>
<arg>sort_keys=True</arg>
<doc>Returns keys of the given ``dictionary`` as a list.</doc>
<msg timestamp="20230319 18:10:47.406" level="INFO">@{keys} = [ John Wick: Chapter 4 ]</msg>
<status status="PASS" starttime="20230319 18:10:47.405" endtime="20230319 18:10:47.406"/>
</kw>
<kw name="Get From List" library="Collections">
<var>${elementAtIndexZero}</var>
<arg>${keys}</arg>
<arg>0</arg>
<doc>Returns the value specified with an ``index`` from ``list``.</doc>
<msg timestamp="20230319 18:10:47.407" level="INFO">${elementAtIndexZero} = John Wick: Chapter 4</msg>
<status status="PASS" starttime="20230319 18:10:47.406" endtime="20230319 18:10:47.408"/>
</kw>
<kw name="Get From Dictionary" library="Collections">
<var>${temp}</var>
<arg>${json_data}</arg>
<arg>${elementAtIndexZero}</arg>
<doc>Returns a value from the given ``dictionary`` based on the given ``key``.</doc>
<msg timestamp="20230319 18:10:47.409" level="INFO">${temp} = {'Name': 'John Wick: Chapter 4', 'Release': 'Releasing on 24 Mar, 2023', 'Synopsis': 'John Wick (Keanu Reeves) takes on his most lethal adversaries yet in the upcoming fourth installment of the series...</msg>
<status status="PASS" starttime="20230319 18:10:47.408" endtime="20230319 18:10:47.410"/>
</kw>
<kw name="Get Dictionary Keys" library="Collections">
<var>@{attributes}</var>
<arg>${temp}</arg>
<arg>sort_keys=True</arg>
<doc>Returns keys of the given ``dictionary`` as a list.</doc>
<msg timestamp="20230319 18:10:47.411" level="INFO">@{attributes} = [ Cast | Name | Release | Synopsis ]</msg>
<status status="PASS" starttime="20230319 18:10:47.410" endtime="20230319 18:10:47.411"/>
</kw>
<kw name="Worksheet Exists" library="RPA.Excel.Files">
<var>${Does_Worksheet_Exist}</var>
<arg>${sheet_name}</arg>
<doc>Return True if worksheet with given name is in workbook.</doc>
<msg timestamp="20230319 18:10:47.413" level="INFO">${Does_Worksheet_Exist} = True</msg>
<status status="PASS" starttime="20230319 18:10:47.412" endtime="20230319 18:10:47.413"/>
</kw>
<if>
<branch type="IF" condition="${Does_Worksheet_Exist}">
<kw name="Set Active Worksheet" library="RPA.Excel.Files">
<arg>${sheet_name}</arg>
<doc>Set the active worksheet.</doc>
<status status="PASS" starttime="20230319 18:10:47.414" endtime="20230319 18:10:47.415"/>
</kw>
<status status="PASS" starttime="20230319 18:10:47.414" endtime="20230319 18:10:47.416"/>
</branch>
<branch type="ELSE">
<kw name="Create Worksheet" library="RPA.Excel.Files">
<arg>${sheet_name}</arg>
<doc>Create a new worksheet in the current workbook.</doc>
<status status="NOT RUN" starttime="20230319 18:10:47.417" endtime="20230319 18:10:47.417"/>
</kw>
<status status="NOT RUN" starttime="20230319 18:10:47.416" endtime="20230319 18:10:47.418"/>
</branch>
<status status="PASS" starttime="20230319 18:10:47.413" endtime="20230319 18:10:47.418"/>
</if>
<kw name="Set Variable" library="BuiltIn">
<var>${row}</var>
<arg>1</arg>
<doc>Returns the given values which can then be assigned to a variables.</doc>
<msg timestamp="20230319 18:10:47.419" level="INFO">${row} = 1</msg>
<status status="PASS" starttime="20230319 18:10:47.419" endtime="20230319 18:10:47.420"/>
</kw>
<kw name="Set Variable" library="BuiltIn">
<var>${col}</var>
<arg>1</arg>
<doc>Returns the given values which can then be assigned to a variables.</doc>
<msg timestamp="20230319 18:10:47.421" level="INFO">${col} = 1</msg>
<status status="PASS" starttime="20230319 18:10:47.420" endtime="20230319 18:10:47.421"/>
</kw>
<for flavor="IN">
<var>${attribute}</var>
<value>@{attributes}</value>
<iter>
<var name="${attribute}">Cast</var>
<kw name="Set Cell Value" library="RPA.Excel.Files">
<arg>${row}</arg>
<arg>${col}</arg>
<arg>${attribute}</arg>
<doc>Set a cell value in the given worksheet.</doc>
<status status="PASS" starttime="20230319 18:10:47.423" endtime="20230319 18:10:47.424"/>
</kw>
<kw name="Evaluate" library="BuiltIn">
<var>${col}</var>
<arg>${col} + 1</arg>
<doc>Evaluates the given expression in Python and returns the result.</doc>
<msg timestamp="20230319 18:10:47.426" level="INFO">${col} = 2</msg>
<status status="PASS" starttime="20230319 18:10:47.425" endtime="20230319 18:10:47.426"/>
</kw>
<status status="PASS" starttime="20230319 18:10:47.422" endtime="20230319 18:10:47.426"/>
</iter>
<iter>
<var name="${attribute}">Name</var>
<kw name="Set Cell Value" library="RPA.Excel.Files">
<arg>${row}</arg>
<arg>${col}</arg>
<arg>${attribute}</arg>
<doc>Set a cell value in the given worksheet.</doc>
<status status="PASS" starttime="20230319 18:10:47.428" endtime="20230319 18:10:47.429"/>
</kw>
<kw name="Evaluate" library="BuiltIn">
<var>${col}</var>
<arg>${col} + 1</arg>
<doc>Evaluates the given expression in Python and returns the result.</doc>
<msg timestamp="20230319 18:10:47.430" level="INFO">${col} = 3</msg>
<status status="PASS" starttime="20230319 18:10:47.429" endtime="20230319 18:10:47.430"/>
</kw>
<status status="PASS" starttime="20230319 18:10:47.427" endtime="20230319 18:10:47.431"/>
</iter>
<iter>
<var name="${attribute}">Release</var>
<kw name="Set Cell Value" library="RPA.Excel.Files">
<arg>${row}</arg>
<arg>${col}</arg>
<arg>${attribute}</arg>
<doc>Set a cell value in the given worksheet.</doc>
<status status="PASS" starttime="20230319 18:10:47.432" endtime="20230319 18:10:47.433"/>
</kw>
<kw name="Evaluate" library="BuiltIn">
<var>${col}</var>
<arg>${col} + 1</arg>
<doc>Evaluates the given expression in Python and returns the result.</doc>
<msg timestamp="20230319 18:10:47.435" level="INFO">${col} = 4</msg>
<status status="PASS" starttime="20230319 18:10:47.434" endtime="20230319 18:10:47.435"/>
</kw>
<status status="PASS" starttime="20230319 18:10:47.431" endtime="20230319 18:10:47.436"/>
</iter>
<iter>
<var name="${attribute}">Synopsis</var>
<kw name="Set Cell Value" library="RPA.Excel.Files">
<arg>${row}</arg>
<arg>${col}</arg>
<arg>${attribute}</arg>
<doc>Set a cell value in the given worksheet.</doc>
<status status="PASS" starttime="20230319 18:10:47.437" endtime="20230319 18:10:47.438"/>
</kw>
<kw name="Evaluate" library="BuiltIn">
<var>${col}</var>
<arg>${col} + 1</arg>
<doc>Evaluates the given expression in Python and returns the result.</doc>
<msg timestamp="20230319 18:10:47.439" level="INFO">${col} = 5</msg>
<status status="PASS" starttime="20230319 18:10:47.438" endtime="20230319 18:10:47.439"/>
</kw>
<status status="PASS" starttime="20230319 18:10:47.436" endtime="20230319 18:10:47.440"/>
</iter>
<status status="PASS" starttime="20230319 18:10:47.422" endtime="20230319 18:10:47.440"/>
</for>
<kw name="Set Variable" library="BuiltIn">
<var>${col}</var>
<arg>1</arg>
<doc>Returns the given values which can then be assigned to a variables.</doc>
<msg timestamp="20230319 18:10:47.442" level="INFO">${col} = 1</msg>
<status status="PASS" starttime="20230319 18:10:47.441" endtime="20230319 18:10:47.442"/>
</kw>
<kw name="Evaluate" library="BuiltIn">
<var>${row}</var>
<arg>${row} + 1</arg>
<doc>Evaluates the given expression in Python and returns the result.</doc>
<msg timestamp="20230319 18:10:47.443" level="INFO">${row} = 2</msg>
<status status="PASS" starttime="20230319 18:10:47.442" endtime="20230319 18:10:47.443"/>
</kw>
<for flavor="IN">
<var>${key}</var>
<value>@{keys}</value>
<iter>
<var name="${key}">John Wick: Chapter 4</var>
<kw name="Get From Dictionary" library="Collections">
<var>${temp}</var>
<arg>${json_data}</arg>
<arg>${key}</arg>
<doc>Returns a value from the given ``dictionary`` based on the given ``key``.</doc>
<msg timestamp="20230319 18:10:47.446" level="INFO">${temp} = {'Name': 'John Wick: Chapter 4', 'Release': 'Releasing on 24 Mar, 2023', 'Synopsis': 'John Wick (Keanu Reeves) takes on his most lethal adversaries yet in the upcoming fourth installment of the series...</msg>
<status status="PASS" starttime="20230319 18:10:47.445" endtime="20230319 18:10:47.446"/>
</kw>
<kw name="Get Dictionary Values" library="Collections">
<var>@{values}</var>
<arg>${temp}</arg>
<arg>sort_keys=True</arg>
<doc>Returns values of the given ``dictionary`` as a list.</doc>
<msg timestamp="20230319 18:10:47.448" level="INFO">@{values} = [  Keanu Reeves Donnie Yen Bill Skarsgard Laurence Fishburne Hiroyuki Sanada Lance Reddick Scott Adkins Ian McShane | John Wick: Chapter 4 | Releasing on 24 Mar, 2023 | John Wick (Keanu Reeves) takes ...</msg>
<status status="PASS" starttime="20230319 18:10:47.447" endtime="20230319 18:10:47.448"/>
</kw>
<for flavor="IN">
<var>${value}</var>
<value>@{values}</value>
<iter>
<var name="${value}"> Keanu Reeves Donnie Yen Bill Skarsgard Laurence Fishburne Hiroyuki Sanada Lance Reddick Scott Adkins Ian McShane</var>
<kw name="Set Cell Value" library="RPA.Excel.Files">
<arg>${row}</arg>
<arg>${col}</arg>
<arg>${value}</arg>
<doc>Set a cell value in the given worksheet.</doc>
<status status="PASS" starttime="20230319 18:10:47.451" endtime="20230319 18:10:47.453"/>
</kw>
<kw name="Evaluate" library="BuiltIn">
<var>${col}</var>
<arg>${col} + 1</arg>
<doc>Evaluates the given expression in Python and returns the result.</doc>
<msg timestamp="20230319 18:10:47.456" level="INFO">${col} = 2</msg>
<status status="PASS" starttime="20230319 18:10:47.454" endtime="20230319 18:10:47.457"/>
</kw>
<status status="PASS" starttime="20230319 18:10:47.449" endtime="20230319 18:10:47.457"/>
</iter>
<iter>
<var name="${value}">John Wick: Chapter 4</var>
<kw name="Set Cell Value" library="RPA.Excel.Files">
<arg>${row}</arg>
<arg>${col}</arg>
<arg>${value}</arg>
<doc>Set a cell value in the given worksheet.</doc>
<status status="PASS" starttime="20230319 18:10:47.459" endtime="20230319 18:10:47.461"/>
</kw>
<kw name="Evaluate" library="BuiltIn">
<var>${col}</var>
<arg>${col} + 1</arg>
<doc>Evaluates the given expression in Python and returns the result.</doc>
<msg timestamp="20230319 18:10:47.464" level="INFO">${col} = 3</msg>
<status status="PASS" starttime="20230319 18:10:47.463" endtime="20230319 18:10:47.465"/>
</kw>
<status status="PASS" starttime="20230319 18:10:47.458" endtime="20230319 18:10:47.466"/>
</iter>
<iter>
<var name="${value}">Releasing on 24 Mar, 2023</var>
<kw name="Set Cell Value" library="RPA.Excel.Files">
<arg>${row}</arg>
<arg>${col}</arg>
<arg>${value}</arg>
<doc>Set a cell value in the given worksheet.</doc>
<status status="PASS" starttime="20230319 18:10:47.469" endtime="20230319 18:10:47.471"/>
</kw>
<kw name="Evaluate" library="BuiltIn">
<var>${col}</var>
<arg>${col} + 1</arg>
<doc>Evaluates the given expression in Python and returns the result.</doc>
<msg timestamp="20230319 18:10:47.473" level="INFO">${col} = 4</msg>
<status status="PASS" starttime="20230319 18:10:47.472" endtime="20230319 18:10:47.474"/>
</kw>
<status status="PASS" starttime="20230319 18:10:47.467" endtime="20230319 18:10:47.474"/>
</iter>
<iter>
<var name="${value}">John Wick (Keanu Reeves) takes on his most lethal adversaries yet in the upcoming fourth installment of the series. With the price on his head ever increasing, Wick takes his fight against the High Ta...</var>
<kw name="Set Cell Value" library="RPA.Excel.Files">
<arg>${row}</arg>
<arg>${col}</arg>
<arg>${value}</arg>
<doc>Set a cell value in the given worksheet.</doc>
<status status="PASS" starttime="20230319 18:10:47.475" endtime="20230319 18:10:47.477"/>
</kw>
<kw name="Evaluate" library="BuiltIn">
<var>${col}</var>
<arg>${col} + 1</arg>
<doc>Evaluates the given expression in Python and returns the result.</doc>
<msg timestamp="20230319 18:10:47.479" level="INFO">${col} = 5</msg>
<status status="PASS" starttime="20230319 18:10:47.478" endtime="20230319 18:10:47.480"/>
</kw>
<status status="PASS" starttime="20230319 18:10:47.475" endtime="20230319 18:10:47.480"/>
</iter>
<status status="PASS" starttime="20230319 18:10:47.449" endtime="20230319 18:10:47.481"/>
</for>
<kw name="Set Variable" library="BuiltIn">
<var>${col}</var>
<arg>1</arg>
<doc>Returns the given values which can then be assigned to a variables.</doc>
<msg timestamp="20230319 18:10:47.484" level="INFO">${col} = 1</msg>
<status status="PASS" starttime="20230319 18:10:47.482" endtime="20230319 18:10:47.484"/>
</kw>
<kw name="Evaluate" library="BuiltIn">
<var>${row}</var>
<arg>${row} + 1</arg>
<doc>Evaluates the given expression in Python and returns the result.</doc>
<msg timestamp="20230319 18:10:47.487" level="INFO">${row} = 3</msg>
<status status="PASS" starttime="20230319 18:10:47.485" endtime="20230319 18:10:47.488"/>
</kw>
<status status="PASS" starttime="20230319 18:10:47.444" endtime="20230319 18:10:47.488"/>
</iter>
<status status="PASS" starttime="20230319 18:10:47.444" endtime="20230319 18:10:47.489"/>
</for>
<kw name="Save Workbook" library="RPA.Excel.Files">
<doc>Save the active workbook.</doc>
<status status="PASS" starttime="20230319 18:10:47.490" endtime="20230319 18:10:47.511"/>
</kw>
<kw name="Close Workbook" library="RPA.Excel.Files">
<doc>Close the active workbook.</doc>
<msg timestamp="20230319 18:10:47.513" level="INFO">Closing workbook: &lt;RPA.Excel.Files.XlsxWorkbook object at 0x0000014682E6FB10&gt;</msg>
<status status="PASS" starttime="20230319 18:10:47.512" endtime="20230319 18:10:47.514"/>
</kw>
<status status="PASS" starttime="20230319 18:10:47.354" endtime="20230319 18:10:47.514"/>
</kw>
<status status="PASS" starttime="20230319 18:06:45.823" endtime="20230319 18:10:47.515"/>
</test>
<kw name="Exit Selenium" library="system" type="TEARDOWN">
<kw name="Capture Page Screenshot" library="SeleniumLibrary">
<doc>Takes a screenshot of the current page and embeds it into a log file.</doc>
<msg timestamp="20230319 18:10:47.520" level="INFO">Cannot capture screenshot because no browser is open.</msg>
<status status="PASS" starttime="20230319 18:10:47.519" endtime="20230319 18:10:47.520"/>
</kw>
<kw name="Close Browser" library="SeleniumLibrary">
<doc>Closes the current browser.</doc>
<status status="PASS" starttime="20230319 18:10:47.520" endtime="20230319 18:10:47.521"/>
</kw>
<status status="PASS" starttime="20230319 18:10:47.518" endtime="20230319 18:10:47.522"/>
</kw>
<status status="PASS" starttime="20230319 18:06:37.919" endtime="20230319 18:10:47.522"/>
</suite>
<statistics>
<total>
<stat pass="2" fail="0" skip="0">All Tests</stat>
</total>
<tag>
</tag>
<suite>
<stat pass="2" fail="0" skip="0" id="s1" name="Movie">Movie</stat>
</suite>
</statistics>
<errors>
</errors>
</robot>
